This is LuaHBTeX, Version 1.18.1 (MiKTeX 24.4) (format=lualatex 2024.11.23)  10 JAN 2025 14:53
 restricted system commands enabled.
**main.tex
(./main.tex
LaTeX2e <2024-11-01>
L3 programming layer <2024-11-02>
Lua module: luaotfload 2024-02-14 v3.28 Lua based OpenType font support
Lua module: lualibs 2023-07-13 v2.76 ConTeXt Lua standard libraries.
Lua module: lualibs-extended 2023-07-13 v2.76 ConTeXt Lua libraries -- extended 
collection.
luaotfload | conf : Root cache directory is "C:/Users/Ammar/AppData/Local/MiKTeX
/luatex-cache/generic/names".
luaotfload | init : Loading fontloader "fontloader-2023-12-28.lua" from kpse-res
olved path "C:/Users/Ammar/AppData/Local/Programs/MiKTeX/tex/luatex/luaotfload/f
ontloader-2023-12-28.lua".
Lua-only attribute luaotfload@noligature = 1
luaotfload | init : Context OpenType loader version 3.134
Inserting `luaotfload.node_processor' in `pre_linebreak_filter'.
Inserting `luaotfload.node_processor' in `hpack_filter'.
Inserting `luaotfload.glyph_stream' in `glyph_stream_provider'.
Inserting `luaotfload.define_font' in `define_font'.
Lua-only attribute luaotfload_color_attribute = 2
luaotfload | conf : Root cache directory is "C:/Users/Ammar/AppData/Local/MiKTeX
/luatex-cache/generic/names".
Inserting `luaotfload.harf.strip_prefix' in `find_opentype_file'.
Inserting `luaotfload.harf.strip_prefix' in `find_truetype_file'.
Removing  `luaotfload.glyph_stream' from `glyph_stream_provider'.
Inserting `luaotfload.harf.glyphstream' in `glyph_stream_provider'.
Inserting `luaotfload.harf.finalize_vlist' in `post_linebreak_filter'.
Inserting `luaotfload.harf.finalize_hlist' in `hpack_filter'.
Inserting `luaotfload.cleanup_files' in `wrapup_run'.
Inserting `luaotfload.harf.finalize_unicode' in `finish_pdffile'.
Inserting `luaotfload.glyphinfo' in `glyph_info'.
Lua-only attribute luaotfload.letterspace_done = 3
Inserting `luaotfload.aux.set_sscale_dimens' in `luaotfload.patch_font'.
Inserting `luaotfload.aux.set_font_index' in `luaotfload.patch_font'.
Inserting `luaotfload.aux.patch_cambria_domh' in `luaotfload.patch_font'.
Inserting `luaotfload.aux.fixup_fontdata' in `luaotfload.patch_font_unsafe'.
Inserting `luaotfload.aux.set_capheight' in `luaotfload.patch_font'.
Inserting `luaotfload.aux.set_xheight' in `luaotfload.patch_font'.
Inserting `luaotfload.rewrite_fontname' in `luaotfload.patch_font'.
Inserting `tracingstacklevels' in `input_level_string'. (C:/Users/Ammar/AppData
/Local/Programs/MiKTeX/tex/latex/base/book.cls
Document Class: book 2024/06/29 v1.4n Standard LaTeX document class
(C:/Users/Ammar/AppData/Local/Programs/MiKTeX/tex/latex/base/bk10.clo
File: bk10.clo 2024/06/29 v1.4n Standard LaTeX file (size option)
luaotfload | db : Font names database loaded from C:/Users/Ammar/AppData/Local/M
iKTeX/luatex-cache/generic/names/luaotfload-names.luc.gz)
\c@part=\count194
\c@chapter=\count195
\c@section=\count196
\c@subsection=\count197
\c@subsubsection=\count198
\c@paragraph=\count199
\c@subparagraph=\count266
\c@figure=\count267
\c@table=\count268
\abovecaptionskip=\skip49
\belowcaptionskip=\skip50
\bibindent=\dimen140
)
(./ManningBook.sty
Package: ManningBook 

(C:/Users/Ammar/AppData/Local/Programs/MiKTeX/tex/latex/geometry/geometry.sty
Package: geometry 2020/01/02 v5.9 Page Geometry

(C:/Users/Ammar/AppData/Local/Programs/MiKTeX/tex/latex/graphics/keyval.sty
Package: keyval 2022/05/29 v1.15 key=value parser (DPC)
\KV@toks@=\toks17
)
(C:/Users/Ammar/AppData/Local/Programs/MiKTeX/tex/generic/iftex/ifvtex.sty
Package: ifvtex 2019/10/25 v1.7 ifvtex legacy package. Use iftex instead.

(C:/Users/Ammar/AppData/Local/Programs/MiKTeX/tex/generic/iftex/iftex.sty
Package: iftex 2022/02/03 v1.0f TeX engine tests
))
\Gm@cnth=\count269
\Gm@cntv=\count270
\c@Gm@tempcnt=\count271
\Gm@bindingoffset=\dimen141
\Gm@wd@mp=\dimen142
\Gm@odd@mp=\dimen143
\Gm@even@mp=\dimen144
\Gm@layoutwidth=\dimen145
\Gm@layoutheight=\dimen146
\Gm@layouthoffset=\dimen147
\Gm@layoutvoffset=\dimen148
\Gm@dimlist=\toks18

(C:/Users/Ammar/AppData/Local/Programs/MiKTeX/tex/latex/geometry/geometry.cfg)) (C:/Users/Ammar/AppData/Local/Programs/MiKTeX/tex/latex/graphics/graphicx.sty
Package: graphicx 2021/09/16 v1.2d Enhanced LaTeX Graphics (DPC,SPQR)

(C:/Users/Ammar/AppData/Local/Programs/MiKTeX/tex/latex/graphics/graphics.sty
Package: graphics 2024/08/06 v1.4g Standard LaTeX Graphics (DPC,SPQR)

(C:/Users/Ammar/AppData/Local/Programs/MiKTeX/tex/latex/graphics/trig.sty
Package: trig 2023/12/02 v1.11 sin cos tan (DPC)
)
(C:/Users/Ammar/AppData/Local/Programs/MiKTeX/tex/latex/graphics-cfg/graphics.c
fg
File: graphics.cfg 2016/06/04 v1.11 sample graphics configuration
)
Package graphics Info: Driver file: luatex.def on input line 106.

(C:/Users/Ammar/AppData/Local/Programs/MiKTeX/tex/latex/graphics-def/luatex.def
File: luatex.def 2024/04/13 v1.2e Graphics/color driver for luatex
))
\Gin@req@height=\dimen149
\Gin@req@width=\dimen150
)
(C:/Users/Ammar/AppData/Local/Programs/MiKTeX/tex/latex/wrapfig2/wrapfig2.sty
Package: wrapfig2 2024-01-18 v.7.0.0 Wrap text around figures, tables, framed t
ext blocks

(C:/Users/Ammar/AppData/Local/Programs/MiKTeX/tex/latex/l3packages/xparse/xpars
e.sty
(C:/Users/Ammar/AppData/Local/Programs/MiKTeX/tex/latex/l3kernel/expl3.sty
Package: expl3 2024-11-02 L3 programming layer (loader) 

(C:/Users/Ammar/AppData/Local/Programs/MiKTeX/tex/latex/l3backend/l3backend-lua
tex.def
File: l3backend-luatex.def 2024-05-08 L3 backend support: PDF output (LuaTeX)
\l__color_backend_stack_int=\count272
Inserting `l3color' in `luaotfload.parse_color'.
\l__pdf_internal_box=\box52
))
Package: xparse 2024-08-16 L3 Experimental document command parser
)
(C:/Users/Ammar/AppData/Local/Programs/MiKTeX/tex/latex/l3packages/xfp/xfp.sty
Package: xfp 2024-08-16 L3 Floating point unit
) (C:/Users/Ammar/AppData/Local/Programs/MiKTeX/tex/latex/etoolbox/etoolbox.sty
Package: etoolbox 2020/10/05 v2.5k e-TeX tools for LaTeX (JAW)
\etb@tempcnta=\count273
) (C:/Users/Ammar/AppData/Local/Programs/MiKTeX/tex/latex/float/float.sty
Package: float 2001/11/08 v1.3d Float enhancements (AL)
\c@float@type=\count274
\float@exts=\toks19
\float@box=\box53
\@float@everytoks=\toks20
\@floatcapt=\box54
)
(C:/Users/Ammar/AppData/Local/Programs/MiKTeX/tex/latex/xcolor/xcolor.sty
Package: xcolor 2024/09/29 v3.02 LaTeX color extensions (UK)

(C:/Users/Ammar/AppData/Local/Programs/MiKTeX/tex/latex/graphics-cfg/color.cfg
File: color.cfg 2016/01/02 v1.6 sample color configuration
)
Package xcolor Info: Driver file: luatex.def on input line 274.
(C:/Users/Ammar/AppData/Local/Programs/MiKTeX/tex/latex/graphics/mathcolor.ltx)
Package xcolor Info: Model `cmy' substituted by `cmy0' on input line 1349.
Package xcolor Info: Model `hsb' substituted by `rgb' on input line 1353.
Package xcolor Info: Model `RGB' extended on input line 1365.
Package xcolor Info: Model `HTML' substituted by `rgb' on input line 1367.
Package xcolor Info: Model `Hsb' substituted by `hsb' on input line 1368.
Package xcolor Info: Model `tHsb' substituted by `hsb' on input line 1369.
Package xcolor Info: Model `HSB' substituted by `hsb' on input line 1370.
Package xcolor Info: Model `Gray' substituted by `gray' on input line 1371.
Package xcolor Info: Model `wave' substituted by `hsb' on input line 1372.
) (C:/Users/Ammar/AppData/Local/Programs/MiKTeX/tex/latex/pict2e/pict2e.sty
Package: pict2e 2020/09/30 v0.4b Improved picture commands (HjG,RN,JT)

(C:/Users/Ammar/AppData/Local/Programs/MiKTeX/tex/latex/pict2e/pict2e.cfg
File: pict2e.cfg 2016/02/05 v0.1u pict2e configuration for teTeX/TeXLive
)
Package pict2e Info: Driver file: luatex.def on input line 112.
Package pict2e Info: Driver file for pict2e: p2e-luatex.def on input line 114.

(C:/Users/Ammar/AppData/Local/Programs/MiKTeX/tex/latex/pict2e/p2e-luatex.def
File: p2e-luatex.def 2016/02/05 v0.1u Driver-dependant file (RN,HjG,JT)
)
\pIIe@GRAPH=\toks21
\@arclen=\dimen151
\@arcrad=\dimen152
\pIIe@tempdima=\dimen153
\pIIe@tempdimb=\dimen154
\pIIe@tempdimc=\dimen155
\pIIe@tempdimd=\dimen156
\pIIe@tempdime=\dimen157
\pIIe@tempdimf=\dimen158
) (C:/Users/Ammar/AppData/Local/Programs/MiKTeX/tex/latex/xkeyval/xkeyval.sty
Package: xkeyval 2022/06/16 v2.9 package option processing (HA)

(C:/Users/Ammar/AppData/Local/Programs/MiKTeX/tex/generic/xkeyval/xkeyval.tex
(C:/Users/Ammar/AppData/Local/Programs/MiKTeX/tex/generic/xkeyval/xkvutils.tex
\XKV@toks=\toks22
\XKV@tempa@toks=\toks23
)
\XKV@depth=\count275
File: xkeyval.tex 2014/12/03 v2.7a key=value parser (HA)
))
\@float@every@text=\toks24
\c@text=\count276
\wrapoverhang=\dimen159
\WF@size=\dimen160
\c@WF@wrappedlines=\count277
\WF@box=\box55
\NWF@box=\box56
\WF@everypar=\toks25
\WF@correctlines@switch=\count278
\WFfrthick=\skip51
\WFfrgap=\skip52
\WFfrwidth=\skip53
\WFfrheight=\skip54
\insertwidth=\dimen161
\WFXR=\skip55
\WFYD=\skip56
\WFXL=\skip57
\WFYU=\skip58
\radius=\dimen162
\WFinsertwidthL=\dimen163
\WFinsertwidthH=\dimen164
)
(C:/Users/Ammar/AppData/Local/Programs/MiKTeX/tex/latex/tabularray/tabularray.s
ty
Package: tabularray 2024-02-16 v2024A Typeset tabulars and arrays with LaTeX3
\l__tblr_a_int=\count279
\l__tblr_c_int=\count280
\l__tblr_r_int=\count281
\l__tblr_d_dim=\dimen165
\l__tblr_h_dim=\dimen166
\l__tblr_o_dim=\dimen167
\l__tblr_p_dim=\dimen168
\l__tblr_q_dim=\dimen169
\l__tblr_r_dim=\dimen170
\l__tblr_s_dim=\dimen171
\l__tblr_t_dim=\dimen172
\l__tblr_v_dim=\dimen173
\l__tblr_w_dim=\dimen174
\l__tblr_a_box=\box57
\l__tblr_b_box=\box58
\l__tblr_c_box=\box59
\l__tblr_d_box=\box60
\g__tblr_table_count_int=\count282
\c@rownum=\count283
\c@colnum=\count284
\c@rowcount=\count285
\c@colcount=\count286
\abovesep=\dimen175
\belowsep=\dimen176
\leftsep=\dimen177
\rightsep=\dimen178
\g_tblr_level_int=\count287
\g__tblr_data_row_key_count_int=\count288
\g__tblr_data_column_key_count_int=\count289
\g__tblr_data_cell_key_count_int=\count290
\g__tblr_array_int=\count291
\l__tblr_key_count_int=\count292
\l__tblr_key_quotient_int=\count293
\l__tblr_key_quotient_two_int=\count294
\l__tblr_key_remainder_int=\count295
\g__tblr_data_str_value_count_int=\count296
\rulewidth=\dimen179
\l__tblr_strut_dp_dim=\dimen180
\l__tblr_strut_ht_dim=\dimen181
\g__tblr_cell_wd_dim=\dimen182
\g__tblr_cell_ht_dim=\dimen183
\g__tblr_cell_head_dim=\dimen184
\g__tblr_cell_foot_dim=\dimen185
\l__column_target_dim=\dimen186
\l__tblr_caption_box=\box61
\l__tblr_caption_left_box=\box62
\l__tblr_row_head_box=\box63
\l__tblr_row_foot_box=\box64
\l__tblr_row_head_foot_dim=\dimen187
\tablewidth=\dimen188
\l__tblr_table_firsthead_box=\box65
\l__tblr_table_middlehead_box=\box66
\l__tblr_table_lasthead_box=\box67
\l__tblr_table_firstfoot_box=\box68
\l__tblr_table_middlefoot_box=\box69
\l__tblr_table_lastfoot_box=\box70
\l__tblr_remain_height_dim=\dimen189
\l__tblr_long_from_int=\count297
\l__tblr_long_to_int=\count298
\l__tblr_curr_i_int=\count299
\l__tblr_prev_i_int=\count300
\l__tblr_table_page_int=\count301
\l__tblr_table_head_box=\box71
\l__tblr_table_foot_box=\box72
\l__tblr_table_head_foot_dim=\dimen190
\l__tblr_table_head_body_foot_dim=\dimen191
\l__tblr_table_box=\box73
\l__tblr_table_hlines_box=\box74
\l__tblr_hline_box=\box75
\l__tblr_row_box=\box76
\l__tblr_col_o_wd_dim=\dimen192
\l__tblr_col_b_wd_dim=\dimen193
\l__tblr_hline_leftskip_dim=\dimen194
\l__tblr_hline_rightskip_dim=\dimen195
\l__tblr_row_ht_dim=\dimen196
\l__tblr_row_dp_dim=\dimen197
\l__tblr_row_abovesep_dim=\dimen198
\l__tblr_row_belowsep_dim=\dimen199
\l__tblr_row_vlines_box=\box77
\l__tblr_vline_box=\box78
\l__tblr_cell_box=\box79
\l__row_upper_dim=\dimen256
\l__row_lower_dim=\dimen257
\l__row_vpace_dim=\dimen258
\l__tblr_vline_aboveskip_dim=\dimen259
\l__tblr_vline_belowskip_dim=\dimen260
\l__tblr_cell_wd_dim=\dimen261
\l__tblr_cell_ht_dim=\dimen262
\l__tblr_diag_box=\box80
)
(C:/Users/Ammar/AppData/Local/Programs/MiKTeX/tex/latex/setspace/setspace.sty
Package: setspace 2022/12/04 v6.7b set line spacing
)
(C:/Users/Ammar/AppData/Local/Programs/MiKTeX/tex/latex/emptypage/emptypage.sty
Package: emptypage 2010/05/30 v1.2 Suppress page numbers and headings on empty 
pages
) (C:/Users/Ammar/AppData/Local/Programs/MiKTeX/tex/latex/graphics/dvipsnam.def
File: dvipsnam.def 2016/06/17 v3.0m Driver-dependent file (DPC,SPQR)
) (C:/Users/Ammar/AppData/Local/Programs/MiKTeX/tex/latex/colortbl/colortbl.sty
Package: colortbl 2024/07/06 v1.0i Color table columns (DPC)
(C:/Users/Ammar/AppData/Local/Programs/MiKTeX/tex/latex/tools/array.sty
Package: array 2024/10/17 v2.6g Tabular extension package (FMi)
\col@sep=\dimen263
\ar@mcellbox=\box81
\extrarowheight=\dimen264
\NC@list=\toks26
\extratabsurround=\skip59
\backup@length=\skip60
\ar@cellbox=\box82
)
\everycr=\toks27
\minrowclearance=\skip61
)
(C:/Users/Ammar/AppData/Local/Programs/MiKTeX/tex/latex/titlesec/titlesec.sty
Package: titlesec 2023/10/27 v2.16 Sectioning titles
\ttl@box=\box83
\beforetitleunit=\skip62
\aftertitleunit=\skip63
\ttl@plus=\dimen265
\ttl@minus=\dimen266
\ttl@toksa=\toks28
\titlewidth=\dimen267
\titlewidthlast=\dimen268
\titlewidthfirst=\dimen269

(C:/Users/Ammar/AppData/Local/Programs/MiKTeX/tex/latex/titlesec/titleps.sty))
(C:/Users/Ammar/AppData/Local/Programs/MiKTeX/tex/latex/titlesec/titletoc.sty
Package: titletoc 2023/10/27 v2.16 TOC entries
\ttl@leftsep=\dimen270
)
(C:/Users/Ammar/AppData/Local/Programs/MiKTeX/tex/latex/fontspec/fontspec.sty
Package: fontspec 2024/05/11 v2.9e Font selection for XeLaTeX and LuaLaTeX
Lua module: fontspec 2024/05/11 v2.9e Font selection for XeLaTeX and LuaLaTeX
(C:/Users/Ammar/AppData/Local/Programs/MiKTeX/tex/latex/fontspec/fontspec-luate
x.sty
Package: fontspec-luatex 2024/05/11 v2.9e Font selection for XeLaTeX and LuaLaT
eX
\l__fontspec_script_int=\count302
\l__fontspec_language_int=\count303
\l__fontspec_strnum_int=\count304
\l__fontspec_tmp_int=\count305
\l__fontspec_tmpa_int=\count306
\l__fontspec_tmpb_int=\count307
\l__fontspec_tmpc_int=\count308
\l__fontspec_em_int=\count309
\l__fontspec_emdef_int=\count310
\l__fontspec_strong_int=\count311
\l__fontspec_strongdef_int=\count312
\l__fontspec_tmpa_dim=\dimen271
\l__fontspec_tmpb_dim=\dimen272
\l__fontspec_tmpc_dim=\dimen273
 (C:/Users/Ammar/AppData/Local/Programs/MiKTeX/tex/latex/base/fontenc.sty
Package: fontenc 2021/04/29 v2.0v Standard LaTeX package
) (C:/Users/Ammar/AppData/Local/Programs/MiKTeX/tex/latex/fontspec/fontspec.cfg
)))
(C:/Users/Ammar/AppData/Local/Programs/MiKTeX/tex/latex/mdframed/mdframed.sty
Package: mdframed 2013/07/01 1.9b: mdframed

(C:/Users/Ammar/AppData/Local/Programs/MiKTeX/tex/latex/kvoptions/kvoptions.sty
Package: kvoptions 2022-06-15 v3.15 Key value format for package options (HO)
(C:/Users/Ammar/AppData/Local/Programs/MiKTeX/tex/generic/ltxcmds/ltxcmds.sty
Package: ltxcmds 2023-12-04 v1.26 LaTeX kernel commands for general use (HO)
)
(C:/Users/Ammar/AppData/Local/Programs/MiKTeX/tex/latex/kvsetkeys/kvsetkeys.sty
Package: kvsetkeys 2022-10-05 v1.19 Key value parser (HO)
))
(C:/Users/Ammar/AppData/Local/Programs/MiKTeX/tex/latex/zref/zref-abspage.sty
Package: zref-abspage 2023-09-14 v2.35 Module abspage for zref (HO)

(C:/Users/Ammar/AppData/Local/Programs/MiKTeX/tex/latex/zref/zref-base.sty
Package: zref-base 2023-09-14 v2.35 Module base for zref (HO)

(C:/Users/Ammar/AppData/Local/Programs/MiKTeX/tex/generic/infwarerr/infwarerr.s
ty
Package: infwarerr 2019/12/03 v1.5 Providing info/warning/error messages (HO)
)
(C:/Users/Ammar/AppData/Local/Programs/MiKTeX/tex/generic/kvdefinekeys/kvdefine
keys.sty
Package: kvdefinekeys 2019-12-19 v1.6 Define keys (HO)
)
(C:/Users/Ammar/AppData/Local/Programs/MiKTeX/tex/generic/pdftexcmds/pdftexcmds
.sty
Package: pdftexcmds 2020-06-27 v0.33 Utility functions of pdfTeX for LuaTeX (HO
)
Package pdftexcmds Info: \pdf@primitive is available.
Package pdftexcmds Info: \pdf@ifprimitive is available.
Package pdftexcmds Info: \pdfdraftmode found.
\pdftexcmds@toks=\toks29
)
(C:/Users/Ammar/AppData/Local/Programs/MiKTeX/tex/generic/etexcmds/etexcmds.sty
Package: etexcmds 2019/12/15 v1.7 Avoid name clashes with e-TeX commands (HO)
) (C:/Users/Ammar/AppData/Local/Programs/MiKTeX/tex/latex/auxhook/auxhook.sty
Package: auxhook 2019-12-17 v1.6 Hooks for auxiliary files (HO)
)
Package zref Info: New property list: main on input line 767.
Package zref Info: New property: default on input line 768.
Package zref Info: New property: page on input line 769.
)
\c@abspage=\count313
Package zref Info: New property: abspage on input line 67.
)
(C:/Users/Ammar/AppData/Local/Programs/MiKTeX/tex/latex/needspace/needspace.sty
Package: needspace 2010/09/12 v1.3d reserve vertical space
)
\mdf@templength=\skip64
\c@mdf@globalstyle@cnt=\count314
\mdf@skipabove@length=\skip65
\mdf@skipbelow@length=\skip66
\mdf@leftmargin@length=\skip67
\mdf@rightmargin@length=\skip68
\mdf@innerleftmargin@length=\skip69
\mdf@innerrightmargin@length=\skip70
\mdf@innertopmargin@length=\skip71
\mdf@innerbottommargin@length=\skip72
\mdf@splittopskip@length=\skip73
\mdf@splitbottomskip@length=\skip74
\mdf@outermargin@length=\skip75
\mdf@innermargin@length=\skip76
\mdf@linewidth@length=\skip77
\mdf@innerlinewidth@length=\skip78
\mdf@middlelinewidth@length=\skip79
\mdf@outerlinewidth@length=\skip80
\mdf@roundcorner@length=\skip81
\mdf@footenotedistance@length=\skip82
\mdf@userdefinedwidth@length=\skip83
\mdf@needspace@length=\skip84
\mdf@frametitleaboveskip@length=\skip85
\mdf@frametitlebelowskip@length=\skip86
\mdf@frametitlerulewidth@length=\skip87
\mdf@frametitleleftmargin@length=\skip88
\mdf@frametitlerightmargin@length=\skip89
\mdf@shadowsize@length=\skip90
\mdf@extratopheight@length=\skip91
\mdf@subtitleabovelinewidth@length=\skip92
\mdf@subtitlebelowlinewidth@length=\skip93
\mdf@subtitleaboveskip@length=\skip94
\mdf@subtitlebelowskip@length=\skip95
\mdf@subtitleinneraboveskip@length=\skip96
\mdf@subtitleinnerbelowskip@length=\skip97
\mdf@subsubtitleabovelinewidth@length=\skip98
\mdf@subsubtitlebelowlinewidth@length=\skip99
\mdf@subsubtitleaboveskip@length=\skip100
\mdf@subsubtitlebelowskip@length=\skip101
\mdf@subsubtitleinneraboveskip@length=\skip102
\mdf@subsubtitleinnerbelowskip@length=\skip103

(C:/Users/Ammar/AppData/Local/Programs/MiKTeX/tex/latex/mdframed/md-frame-0.mdf
File: md-frame-0.mdf 2013/07/01\ 1.9b: md-frame-0
)
\mdf@frametitlebox=\box84
\mdf@footnotebox=\box85
\mdf@splitbox@one=\box86
\mdf@splitbox@two=\box87
\mdf@splitbox@save=\box88
\mdfsplitboxwidth=\skip104
\mdfsplitboxtotalwidth=\skip105
\mdfsplitboxheight=\skip106
\mdfsplitboxdepth=\skip107
\mdfsplitboxtotalheight=\skip108
\mdfframetitleboxwidth=\skip109
\mdfframetitleboxtotalwidth=\skip110
\mdfframetitleboxheight=\skip111
\mdfframetitleboxdepth=\skip112
\mdfframetitleboxtotalheight=\skip113
\mdffootnoteboxwidth=\skip114
\mdffootnoteboxtotalwidth=\skip115
\mdffootnoteboxheight=\skip116
\mdffootnoteboxdepth=\skip117
\mdffootnoteboxtotalheight=\skip118
\mdftotallinewidth=\skip119
\mdfboundingboxwidth=\skip120
\mdfboundingboxtotalwidth=\skip121
\mdfboundingboxheight=\skip122
\mdfboundingboxdepth=\skip123
\mdfboundingboxtotalheight=\skip124
\mdf@freevspace@length=\skip125
\mdf@horizontalwidthofbox@length=\skip126
\mdf@verticalmarginwhole@length=\skip127
\mdf@horizontalspaceofbox=\skip128
\mdfsubtitleheight=\skip129
\mdfsubsubtitleheight=\skip130
\c@mdfcountframes=\count315

****** mdframed patching \endmdf@trivlist

****** -- success******

\mdf@envdepth=\count316
\c@mdf@env@i=\count317
\c@mdf@env@ii=\count318
\c@mdf@zref@counter=\count319
Package zref Info: New property: mdf@pagevalue on input line 895.
)
(C:/Users/Ammar/AppData/Local/Programs/MiKTeX/tex/latex/enumitem/enumitem.sty
Package: enumitem 2019/06/20 v3.9 Customized lists
\labelindent=\skip131
\enit@outerparindent=\dimen274
\enit@toks=\toks30
\enit@inbox=\box89
\enit@count@id=\count320
\enitdp@description=\count321
)
(C:/Users/Ammar/AppData/Local/Programs/MiKTeX/tex/latex/amsmath/amsmath.sty
Package: amsmath 2024/11/05 v2.17t AMS math features
\@mathmargin=\skip132

For additional information on amsmath, use the `?' option.
(C:/Users/Ammar/AppData/Local/Programs/MiKTeX/tex/latex/amsmath/amstext.sty
Package: amstext 2021/08/26 v2.01 AMS text

(C:/Users/Ammar/AppData/Local/Programs/MiKTeX/tex/latex/amsmath/amsgen.sty
File: amsgen.sty 1999/11/30 v2.0 generic functions
\@emptytoks=\toks31
\ex@=\dimen275
)
LaTeX Info: Redefining \text on input line 28.
)
(C:/Users/Ammar/AppData/Local/Programs/MiKTeX/tex/latex/amsmath/amsbsy.sty
Package: amsbsy 1999/11/29 v1.2d Bold Symbols
\pmbraise@=\dimen276
)
(C:/Users/Ammar/AppData/Local/Programs/MiKTeX/tex/latex/amsmath/amsopn.sty
Package: amsopn 2022/04/08 v2.04 operator names
)
\inf@bad=\count322
LaTeX Info: Redefining \frac on input line 235.
\uproot@=\count323
\leftroot@=\count324
LaTeX Info: Redefining \overline on input line 398.
LaTeX Info: Redefining \colon on input line 409.
\classnum@=\count325
\DOTSCASE@=\count326
LaTeX Info: Redefining \ldots on input line 495.
LaTeX Info: Redefining \dots on input line 498.
LaTeX Info: Redefining \cdots on input line 619.
\Mathstrutbox@=\box90
\strutbox@=\box91
LaTeX Info: Redefining \big on input line 721.
LaTeX Info: Redefining \Big on input line 722.
LaTeX Info: Redefining \bigg on input line 723.
LaTeX Info: Redefining \Bigg on input line 724.
\big@size=\dimen277
LaTeX Font Info:    Redeclaring font encoding OML on input line 742.
LaTeX Font Info:    Redeclaring font encoding OMS on input line 743.
\macc@depth=\count327
LaTeX Info: Redefining \bmod on input line 904.
LaTeX Info: Redefining \pmod on input line 909.
LaTeX Info: Redefining \smash on input line 939.
LaTeX Info: Redefining \relbar on input line 969.
LaTeX Info: Redefining \Relbar on input line 970.
\c@MaxMatrixCols=\count328
\dotsspace@=\muskip17
\c@parentequation=\count329
\dspbrk@lvl=\count330
\tag@help=\toks32
\row@=\count331
\column@=\count332
\maxfields@=\count333
\andhelp@=\toks33
\eqnshift@=\dimen278
\alignsep@=\dimen279
\tagshift@=\dimen280
\tagwidth@=\dimen281
\totwidth@=\dimen282
\lineht@=\dimen283
\@envbody=\toks34
\multlinegap=\skip133
\multlinetaggap=\skip134
\mathdisplay@stack=\toks35
LaTeX Info: Redefining \[ on input line 2953.
LaTeX Info: Redefining \] on input line 2954.
)
(C:/Users/Ammar/AppData/Local/Programs/MiKTeX/tex/latex/amsfonts/amssymb.sty
Package: amssymb 2013/01/14 v3.01 AMS font symbols

(C:/Users/Ammar/AppData/Local/Programs/MiKTeX/tex/latex/amsfonts/amsfonts.sty
Package: amsfonts 2013/01/14 v3.01 Basic AMSFonts support
\symAMSa=\mathgroup4
\symAMSb=\mathgroup5
LaTeX Font Info:    Redeclaring math symbol \hbar on input line 98.
LaTeX Font Info:    Overwriting math alphabet `\mathfrak' in version `bold'
(Font)                  U/euf/m/n --> U/euf/b/n on input line 106.
))
(C:/Users/Ammar/AppData/Local/Programs/MiKTeX/tex/latex/pgf/frontendlayer/tikz.
sty
(C:/Users/Ammar/AppData/Local/Programs/MiKTeX/tex/latex/pgf/basiclayer/pgf.sty
(C:/Users/Ammar/AppData/Local/Programs/MiKTeX/tex/latex/pgf/utilities/pgfrcs.st
y
(C:/Users/Ammar/AppData/Local/Programs/MiKTeX/tex/generic/pgf/utilities/pgfutil
-common.tex
\pgfutil@everybye=\toks36
\pgfutil@tempdima=\dimen284
\pgfutil@tempdimb=\dimen285
)
(C:/Users/Ammar/AppData/Local/Programs/MiKTeX/tex/generic/pgf/utilities/pgfutil
-latex.def
\pgfutil@abb=\box92
)
(C:/Users/Ammar/AppData/Local/Programs/MiKTeX/tex/generic/pgf/utilities/pgfrcs.
code.tex
(C:/Users/Ammar/AppData/Local/Programs/MiKTeX/tex/generic/pgf/pgf.revision.tex)
Package: pgfrcs 2023-01-15 v3.1.10 (3.1.10)
))
Package: pgf 2023-01-15 v3.1.10 (3.1.10)

(C:/Users/Ammar/AppData/Local/Programs/MiKTeX/tex/latex/pgf/basiclayer/pgfcore.
sty
(C:/Users/Ammar/AppData/Local/Programs/MiKTeX/tex/latex/pgf/systemlayer/pgfsys.
sty
(C:/Users/Ammar/AppData/Local/Programs/MiKTeX/tex/generic/pgf/systemlayer/pgfsy
s.code.tex
Package: pgfsys 2023-01-15 v3.1.10 (3.1.10)

(C:/Users/Ammar/AppData/Local/Programs/MiKTeX/tex/generic/pgf/utilities/pgfkeys
.code.tex
\pgfkeys@pathtoks=\toks37
\pgfkeys@temptoks=\toks38

(C:/Users/Ammar/AppData/Local/Programs/MiKTeX/tex/generic/pgf/utilities/pgfkeys
libraryfiltered.code.tex
\pgfkeys@tmptoks=\toks39
))
\pgf@x=\dimen286
\pgf@y=\dimen287
\pgf@xa=\dimen288
\pgf@ya=\dimen289
\pgf@xb=\dimen290
\pgf@yb=\dimen291
\pgf@xc=\dimen292
\pgf@yc=\dimen293
\pgf@xd=\dimen294
\pgf@yd=\dimen295
\w@pgf@writea=\write3
\r@pgf@reada=\read2
\c@pgf@counta=\count334
\c@pgf@countb=\count335
\c@pgf@countc=\count336
\c@pgf@countd=\count337
\t@pgf@toka=\toks40
\t@pgf@tokb=\toks41
\t@pgf@tokc=\toks42
\pgf@sys@id@count=\count338

(C:/Users/Ammar/AppData/Local/Programs/MiKTeX/tex/generic/pgf/systemlayer/pgf.c
fg
File: pgf.cfg 2023-01-15 v3.1.10 (3.1.10)
)
Driver file for pgf: pgfsys-luatex.def

(C:/Users/Ammar/AppData/Local/Programs/MiKTeX/tex/generic/pgf/systemlayer/pgfsy
s-luatex.def
File: pgfsys-luatex.def 2023-01-15 v3.1.10 (3.1.10)

(C:/Users/Ammar/AppData/Local/Programs/MiKTeX/tex/generic/pgf/systemlayer/pgfsy
s-common-pdf.def
File: pgfsys-common-pdf.def 2023-01-15 v3.1.10 (3.1.10)
)))
(C:/Users/Ammar/AppData/Local/Programs/MiKTeX/tex/generic/pgf/systemlayer/pgfsy
ssoftpath.code.tex
File: pgfsyssoftpath.code.tex 2023-01-15 v3.1.10 (3.1.10)
\pgfsyssoftpath@smallbuffer@items=\count339
\pgfsyssoftpath@bigbuffer@items=\count340
)
(C:/Users/Ammar/AppData/Local/Programs/MiKTeX/tex/generic/pgf/systemlayer/pgfsy
sprotocol.code.tex
File: pgfsysprotocol.code.tex 2023-01-15 v3.1.10 (3.1.10)
))
(C:/Users/Ammar/AppData/Local/Programs/MiKTeX/tex/generic/pgf/basiclayer/pgfcor
e.code.tex
Package: pgfcore 2023-01-15 v3.1.10 (3.1.10)

(C:/Users/Ammar/AppData/Local/Programs/MiKTeX/tex/generic/pgf/math/pgfmath.code
.tex
(C:/Users/Ammar/AppData/Local/Programs/MiKTeX/tex/generic/pgf/math/pgfmathutil.
code.tex)
(C:/Users/Ammar/AppData/Local/Programs/MiKTeX/tex/generic/pgf/math/pgfmathparse
r.code.tex
\pgfmath@dimen=\dimen296
\pgfmath@count=\count341
\pgfmath@box=\box93
\pgfmath@toks=\toks43
\pgfmath@stack@operand=\toks44
\pgfmath@stack@operation=\toks45
)
(C:/Users/Ammar/AppData/Local/Programs/MiKTeX/tex/generic/pgf/math/pgfmathfunct
ions.code.tex)
(C:/Users/Ammar/AppData/Local/Programs/MiKTeX/tex/generic/pgf/math/pgfmathfunct
ions.basic.code.tex)
(C:/Users/Ammar/AppData/Local/Programs/MiKTeX/tex/generic/pgf/math/pgfmathfunct
ions.trigonometric.code.tex)
(C:/Users/Ammar/AppData/Local/Programs/MiKTeX/tex/generic/pgf/math/pgfmathfunct
ions.random.code.tex)
(C:/Users/Ammar/AppData/Local/Programs/MiKTeX/tex/generic/pgf/math/pgfmathfunct
ions.comparison.code.tex)
(C:/Users/Ammar/AppData/Local/Programs/MiKTeX/tex/generic/pgf/math/pgfmathfunct
ions.base.code.tex)
(C:/Users/Ammar/AppData/Local/Programs/MiKTeX/tex/generic/pgf/math/pgfmathfunct
ions.round.code.tex)
(C:/Users/Ammar/AppData/Local/Programs/MiKTeX/tex/generic/pgf/math/pgfmathfunct
ions.misc.code.tex)
(C:/Users/Ammar/AppData/Local/Programs/MiKTeX/tex/generic/pgf/math/pgfmathfunct
ions.integerarithmetics.code.tex)
(C:/Users/Ammar/AppData/Local/Programs/MiKTeX/tex/generic/pgf/math/pgfmathcalc.
code.tex)
(C:/Users/Ammar/AppData/Local/Programs/MiKTeX/tex/generic/pgf/math/pgfmathfloat
.code.tex
\c@pgfmathroundto@lastzeros=\count342
))
(C:/Users/Ammar/AppData/Local/Programs/MiKTeX/tex/generic/pgf/math/pgfint.code.
tex)
(C:/Users/Ammar/AppData/Local/Programs/MiKTeX/tex/generic/pgf/basiclayer/pgfcor
epoints.code.tex
File: pgfcorepoints.code.tex 2023-01-15 v3.1.10 (3.1.10)
\pgf@picminx=\dimen297
\pgf@picmaxx=\dimen298
\pgf@picminy=\dimen299
\pgf@picmaxy=\dimen300
\pgf@pathminx=\dimen301
\pgf@pathmaxx=\dimen302
\pgf@pathminy=\dimen303
\pgf@pathmaxy=\dimen304
\pgf@xx=\dimen305
\pgf@xy=\dimen306
\pgf@yx=\dimen307
\pgf@yy=\dimen308
\pgf@zx=\dimen309
\pgf@zy=\dimen310
)
(C:/Users/Ammar/AppData/Local/Programs/MiKTeX/tex/generic/pgf/basiclayer/pgfcor
epathconstruct.code.tex
File: pgfcorepathconstruct.code.tex 2023-01-15 v3.1.10 (3.1.10)
\pgf@path@lastx=\dimen311
\pgf@path@lasty=\dimen312
)
(C:/Users/Ammar/AppData/Local/Programs/MiKTeX/tex/generic/pgf/basiclayer/pgfcor
epathusage.code.tex
File: pgfcorepathusage.code.tex 2023-01-15 v3.1.10 (3.1.10)
\pgf@shorten@end@additional=\dimen313
\pgf@shorten@start@additional=\dimen314
)
(C:/Users/Ammar/AppData/Local/Programs/MiKTeX/tex/generic/pgf/basiclayer/pgfcor
escopes.code.tex
File: pgfcorescopes.code.tex 2023-01-15 v3.1.10 (3.1.10)
\pgfpic=\box94
\pgf@hbox=\box95
\pgf@layerbox@main=\box96
\pgf@picture@serial@count=\count343
)
(C:/Users/Ammar/AppData/Local/Programs/MiKTeX/tex/generic/pgf/basiclayer/pgfcor
egraphicstate.code.tex
File: pgfcoregraphicstate.code.tex 2023-01-15 v3.1.10 (3.1.10)
\pgflinewidth=\dimen315
)
(C:/Users/Ammar/AppData/Local/Programs/MiKTeX/tex/generic/pgf/basiclayer/pgfcor
etransformations.code.tex
File: pgfcoretransformations.code.tex 2023-01-15 v3.1.10 (3.1.10)
\pgf@pt@x=\dimen316
\pgf@pt@y=\dimen317
\pgf@pt@temp=\dimen318
)
(C:/Users/Ammar/AppData/Local/Programs/MiKTeX/tex/generic/pgf/basiclayer/pgfcor
equick.code.tex
File: pgfcorequick.code.tex 2023-01-15 v3.1.10 (3.1.10)
)
(C:/Users/Ammar/AppData/Local/Programs/MiKTeX/tex/generic/pgf/basiclayer/pgfcor
eobjects.code.tex
File: pgfcoreobjects.code.tex 2023-01-15 v3.1.10 (3.1.10)
)
(C:/Users/Ammar/AppData/Local/Programs/MiKTeX/tex/generic/pgf/basiclayer/pgfcor
epathprocessing.code.tex
File: pgfcorepathprocessing.code.tex 2023-01-15 v3.1.10 (3.1.10)
)
(C:/Users/Ammar/AppData/Local/Programs/MiKTeX/tex/generic/pgf/basiclayer/pgfcor
earrows.code.tex
File: pgfcorearrows.code.tex 2023-01-15 v3.1.10 (3.1.10)
\pgfarrowsep=\dimen319
)
(C:/Users/Ammar/AppData/Local/Programs/MiKTeX/tex/generic/pgf/basiclayer/pgfcor
eshade.code.tex
File: pgfcoreshade.code.tex 2023-01-15 v3.1.10 (3.1.10)
\pgf@max=\dimen320
\pgf@sys@shading@range@num=\count344
\pgf@shadingcount=\count345
)
(C:/Users/Ammar/AppData/Local/Programs/MiKTeX/tex/generic/pgf/basiclayer/pgfcor
eimage.code.tex
File: pgfcoreimage.code.tex 2023-01-15 v3.1.10 (3.1.10)
)
(C:/Users/Ammar/AppData/Local/Programs/MiKTeX/tex/generic/pgf/basiclayer/pgfcor
eexternal.code.tex
File: pgfcoreexternal.code.tex 2023-01-15 v3.1.10 (3.1.10)
\pgfexternal@startupbox=\box97
)
(C:/Users/Ammar/AppData/Local/Programs/MiKTeX/tex/generic/pgf/basiclayer/pgfcor
elayers.code.tex
File: pgfcorelayers.code.tex 2023-01-15 v3.1.10 (3.1.10)
)
(C:/Users/Ammar/AppData/Local/Programs/MiKTeX/tex/generic/pgf/basiclayer/pgfcor
etransparency.code.tex
File: pgfcoretransparency.code.tex 2023-01-15 v3.1.10 (3.1.10)
)
(C:/Users/Ammar/AppData/Local/Programs/MiKTeX/tex/generic/pgf/basiclayer/pgfcor
epatterns.code.tex
File: pgfcorepatterns.code.tex 2023-01-15 v3.1.10 (3.1.10)
)
(C:/Users/Ammar/AppData/Local/Programs/MiKTeX/tex/generic/pgf/basiclayer/pgfcor
erdf.code.tex
File: pgfcorerdf.code.tex 2023-01-15 v3.1.10 (3.1.10)
)))
(C:/Users/Ammar/AppData/Local/Programs/MiKTeX/tex/generic/pgf/modules/pgfmodule
shapes.code.tex
File: pgfmoduleshapes.code.tex 2023-01-15 v3.1.10 (3.1.10)
\pgfnodeparttextbox=\box98
)
(C:/Users/Ammar/AppData/Local/Programs/MiKTeX/tex/generic/pgf/modules/pgfmodule
plot.code.tex
File: pgfmoduleplot.code.tex 2023-01-15 v3.1.10 (3.1.10)
)
(C:/Users/Ammar/AppData/Local/Programs/MiKTeX/tex/latex/pgf/compatibility/pgfco
mp-version-0-65.sty
Package: pgfcomp-version-0-65 2023-01-15 v3.1.10 (3.1.10)
\pgf@nodesepstart=\dimen321
\pgf@nodesepend=\dimen322
)
(C:/Users/Ammar/AppData/Local/Programs/MiKTeX/tex/latex/pgf/compatibility/pgfco
mp-version-1-18.sty
Package: pgfcomp-version-1-18 2023-01-15 v3.1.10 (3.1.10)
))
(C:/Users/Ammar/AppData/Local/Programs/MiKTeX/tex/latex/pgf/utilities/pgffor.st
y
(C:/Users/Ammar/AppData/Local/Programs/MiKTeX/tex/latex/pgf/utilities/pgfkeys.s
ty
(C:/Users/Ammar/AppData/Local/Programs/MiKTeX/tex/generic/pgf/utilities/pgfkeys
.code.tex))
(C:/Users/Ammar/AppData/Local/Programs/MiKTeX/tex/latex/pgf/math/pgfmath.sty
(C:/Users/Ammar/AppData/Local/Programs/MiKTeX/tex/generic/pgf/math/pgfmath.code
.tex))
(C:/Users/Ammar/AppData/Local/Programs/MiKTeX/tex/generic/pgf/utilities/pgffor.
code.tex
Package: pgffor 2023-01-15 v3.1.10 (3.1.10)
\pgffor@iter=\dimen323
\pgffor@skip=\dimen324
\pgffor@stack=\toks46
\pgffor@toks=\toks47
))
(C:/Users/Ammar/AppData/Local/Programs/MiKTeX/tex/generic/pgf/frontendlayer/tik
z/tikz.code.tex
Package: tikz 2023-01-15 v3.1.10 (3.1.10)

(C:/Users/Ammar/AppData/Local/Programs/MiKTeX/tex/generic/pgf/libraries/pgflibr
aryplothandlers.code.tex
File: pgflibraryplothandlers.code.tex 2023-01-15 v3.1.10 (3.1.10)
\pgf@plot@mark@count=\count346
\pgfplotmarksize=\dimen325
)
\tikz@lastx=\dimen326
\tikz@lasty=\dimen327
\tikz@lastxsaved=\dimen328
\tikz@lastysaved=\dimen329
\tikz@lastmovetox=\dimen330
\tikz@lastmovetoy=\dimen331
\tikzleveldistance=\dimen332
\tikzsiblingdistance=\dimen333
\tikz@figbox=\box99
\tikz@figbox@bg=\box100
\tikz@tempbox=\box101
\tikz@tempbox@bg=\box102
\tikztreelevel=\count347
\tikznumberofchildren=\count348
\tikznumberofcurrentchild=\count349
\tikz@fig@count=\count350

(C:/Users/Ammar/AppData/Local/Programs/MiKTeX/tex/generic/pgf/modules/pgfmodule
matrix.code.tex
File: pgfmodulematrix.code.tex 2023-01-15 v3.1.10 (3.1.10)
\pgfmatrixcurrentrow=\count351
\pgfmatrixcurrentcolumn=\count352
\pgf@matrix@numberofcolumns=\count353
)
\tikz@expandcount=\count354

(C:/Users/Ammar/AppData/Local/Programs/MiKTeX/tex/generic/pgf/frontendlayer/tik
z/libraries/tikzlibrarytopaths.code.tex
File: tikzlibrarytopaths.code.tex 2023-01-15 v3.1.10 (3.1.10)
)))
(C:/Users/Ammar/AppData/Local/Programs/MiKTeX/tex/latex/tikzmark/tikzlibrarytik
zmark.code.tex
File: tikzlibrarytikzmark.code.tex 2022/08/24 v1.15 TikZ library for marking po
sitions in a document

(C:/Users/Ammar/AppData/Local/Programs/MiKTeX/tex/latex/l3packages/l3keys2e/l3k
eys2e.sty
Package: l3keys2e 2024-08-16 LaTeX2e option processing using LaTeX3 keys
)
\l__sn_x_dim=\dimen334
\l__sn_y_dim=\dimen335
\l__sn_xa_dim=\dimen336
\l__sn_ya_dim=\dimen337
)
(C:/Users/Ammar/AppData/Local/Programs/MiKTeX/tex/latex/listings/listings.sty
\lst@mode=\count355
\lst@gtempboxa=\box103
\lst@token=\toks48
\lst@length=\count356
\lst@currlwidth=\dimen338
\lst@column=\count357
\lst@pos=\count358
\lst@lostspace=\dimen339
\lst@width=\dimen340
\lst@newlines=\count359
\lst@lineno=\count360
\lst@maxwidth=\dimen341

(C:/Users/Ammar/AppData/Local/Programs/MiKTeX/tex/latex/listings/lstpatch.sty
File: lstpatch.sty 2024/09/23 1.10c (Carsten Heinz)
)
(C:/Users/Ammar/AppData/Local/Programs/MiKTeX/tex/latex/listings/lstmisc.sty
File: lstmisc.sty 2024/09/23 1.10c (Carsten Heinz)
\c@lstnumber=\count361
\lst@skipnumbers=\count362
\lst@framebox=\box104
)
(C:/Users/Ammar/AppData/Local/Programs/MiKTeX/tex/latex/listings/listings.cfg
File: listings.cfg 2024/09/23 1.10c listings configuration
))
Package: listings 2024/09/23 1.10c (Carsten Heinz)
(C:/Users/Ammar/AppData/Local/Programs/MiKTeX/tex/latex/caption/caption.sty
Package: caption 2023/08/05 v3.6o Customizing captions (AR)

(C:/Users/Ammar/AppData/Local/Programs/MiKTeX/tex/latex/caption/caption3.sty
Package: caption3 2023/07/31 v2.4d caption3 kernel (AR)
\caption@tempdima=\dimen342
\captionmargin=\dimen343
\caption@leftmargin=\dimen344
\caption@rightmargin=\dimen345
\caption@width=\dimen346
\caption@indent=\dimen347
\caption@parindent=\dimen348
\caption@hangindent=\dimen349
Package caption Info: Standard document class detected.
)
\c@caption@flags=\count363
\c@continuedfloat=\count364
Package caption Info: float package is loaded.
Package caption Info: listings package is loaded.
)
(C:/Users/Ammar/AppData/Local/Programs/MiKTeX/tex/latex/caption/subcaption.sty
Package: subcaption 2023/07/28 v1.6b Sub-captions (AR)
Package caption Info: New subtype `subfigure' on input line 238.
\c@subfigure=\count365
Package caption Info: New subtype `subtable' on input line 238.
\c@subtable=\count366
) (C:/Users/Ammar/AppData/Local/Programs/MiKTeX/tex/latex/sidecap/sidecap.sty
Package: sidecap 2023/01/24 v1.7a SideCap Package (RN/HjG)

(C:/Users/Ammar/AppData/Local/Programs/MiKTeX/tex/latex/base/ifthen.sty
Package: ifthen 2024/03/16 v1.1e Standard LaTeX ifthen package (DPC)
)
\SC@BOXWD=\dimen350
\SC@CAPWD=\dimen351
\SC@tempdima=\dimen352
\SC@tempdimb=\dimen353
\c@SC@C=\count367
\SC@BOX=\box105
)
(C:/Users/Ammar/AppData/Local/Programs/MiKTeX/tex/latex/pdfpages/pdfpages.sty
Package: pdfpages 2024/10/28 v0.6c Insert pages of external PDF documents (AM)

(C:/Users/Ammar/AppData/Local/Programs/MiKTeX/tex/latex/tools/calc.sty
Package: calc 2023/07/08 v4.3 Infix arithmetic (KKT,FJ)
\calc@Acount=\count368
\calc@Bcount=\count369
\calc@Adimen=\dimen354
\calc@Bdimen=\dimen355
\calc@Askip=\skip135
\calc@Bskip=\skip136
LaTeX Info: Redefining \setlength on input line 80.
LaTeX Info: Redefining \addtolength on input line 81.
\calc@Ccount=\count370
\calc@Cskip=\skip137
)
(C:/Users/Ammar/AppData/Local/Programs/MiKTeX/tex/latex/eso-pic/eso-pic.sty
Package: eso-pic 2023/05/03 v3.0c eso-pic (RN)
\ESO@tempdima=\dimen356
\ESO@tempdimb=\dimen357
)
\AM@pagewidth=\dimen358
\AM@pageheight=\dimen359
\AM@fboxrule=\dimen360

(C:/Users/Ammar/AppData/Local/Programs/MiKTeX/tex/latex/pdfpages/ppluatex.def
File: ppluatex.def 2024/10/28 v0.6c Pdfpages driver for LuaTeX (AM)
)
\pdfpages@includegraphics@status=\count371
\AM@pagebox=\box106
\AM@global@opts=\toks49
\AM@pagecnt=\count372
\AM@toc@title=\toks50
\AM@lof@heading=\toks51
\c@AM@survey=\count373
\AM@templatesizebox=\box107
) (C:/Users/Ammar/AppData/Local/Programs/MiKTeX/tex/latex/tools/afterpage.sty
Package: afterpage 2023/07/04 v1.08 After-Page Package (DPC)
\AP@output=\toks52
\AP@partial=\box108
\AP@footins=\box109
)
(C:/Users/Ammar/AppData/Local/Programs/MiKTeX/tex/latex/ragged2e/ragged2e.sty
Package: ragged2e 2023/06/22 v3.6 ragged2e Package
\CenteringLeftskip=\skip138
\RaggedLeftLeftskip=\skip139
\RaggedRightLeftskip=\skip140
\CenteringRightskip=\skip141
\RaggedLeftRightskip=\skip142
\RaggedRightRightskip=\skip143
\CenteringParfillskip=\skip144
\RaggedLeftParfillskip=\skip145
\RaggedRightParfillskip=\skip146
\JustifyingParfillskip=\skip147
\CenteringParindent=\skip148
\RaggedLeftParindent=\skip149
\RaggedRightParindent=\skip150
\JustifyingParindent=\skip151
)
(C:/Users/Ammar/AppData/Local/Programs/MiKTeX/tex/latex/svg/svg.sty
Package: svg 2020/11/26 v2.02k (include SVG pictures)

(C:/Users/Ammar/AppData/Local/Programs/MiKTeX/tex/latex/koma-script/scrbase.sty
Package: scrbase 2024/10/24 v3.43 KOMA-Script package (KOMA-Script-independent 
basics and keyval usage)

(C:/Users/Ammar/AppData/Local/Programs/MiKTeX/tex/latex/koma-script/scrlfile.st
y
Package: scrlfile 2024/10/24 v3.43 KOMA-Script package (file load hooks)

(C:/Users/Ammar/AppData/Local/Programs/MiKTeX/tex/latex/koma-script/scrlfile-ho
ok.sty
Package: scrlfile-hook 2024/10/24 v3.43 KOMA-Script package (using LaTeX hooks)


(C:/Users/Ammar/AppData/Local/Programs/MiKTeX/tex/latex/koma-script/scrlogo.sty
Package: scrlogo 2024/10/24 v3.43 KOMA-Script package (logo)
)))
Applying: [2021/05/01] Usage of raw or classic option list on input line 254.
Already applied: [0000/00/00] Usage of raw or classic option list on input line
 370.
)
(C:/Users/Ammar/AppData/Local/Programs/MiKTeX/tex/latex/trimspaces/trimspaces.s
ty
Package: trimspaces 2009/09/17 v1.1 Trim spaces around a token list
) (C:/Users/Ammar/AppData/Local/Programs/MiKTeX/tex/latex/tools/shellesc.sty
Package: shellesc 2023/07/08 v1.0d unified shell escape interface for LaTeX
Package shellesc Info: Restricted shell escape enabled on input line 77.
)
\c@svg@param@lastpage=\count374
\svg@box=\box110
\c@svg@param@currpage=\count375
)
(C:/Users/Ammar/AppData/Local/Programs/MiKTeX/tex/latex/transparent/transparent
.sty
Package: transparent 2022-10-27 v1.5 Transparency with color stacks

(C:/Users/Ammar/AppData/Local/Programs/MiKTeX/tex/latex/transparent/transparent
-nometadata.sty
Package: transparent-nometadata 2022-10-27 v1.5 Transparency via pdfTeX's color
 stack (HO)
))
(C:/Users/Ammar/AppData/Local/Programs/MiKTeX/tex/latex/stix/stix.sty
Package: stix 2018/04/17 v1.1.3-latex STIX fonts support package

(C:/Users/Ammar/AppData/Local/Programs/MiKTeX/tex/latex/base/textcomp.sty
Package: textcomp 2024/04/24 v2.1b Standard LaTeX package
LaTeX Font Info:    Changing ? sub-encoding to TS1/0 on input line 75.
)
LaTeX Font Info:    Redeclaring symbol font `letters' on input line 76.
LaTeX Font Info:    Encoding `OML' has changed to `LS1' for symbol font
(Font)              `letters' in the math version `normal' on input line 76.
LaTeX Font Info:    Overwriting symbol font `letters' in version `normal'
(Font)                  OML/cmm/m/it --> LS1/stix/m/it on input line 76.
LaTeX Font Info:    Encoding `OML' has changed to `LS1' for symbol font
(Font)              `letters' in the math version `bold' on input line 76.
LaTeX Font Info:    Overwriting symbol font `letters' in version `bold'
(Font)                  OML/cmm/b/it --> LS1/stix/m/it on input line 76.
LaTeX Font Info:    Redeclaring symbol font `operators' on input line 77.
LaTeX Font Info:    Encoding `OT1' has changed to `LS1' for symbol font
(Font)              `operators' in the math version `normal' on input line 77.
LaTeX Font Info:    Overwriting symbol font `operators' in version `normal'
(Font)                  OT1/cmr/m/n --> LS1/stix/m/n on input line 77.
LaTeX Font Info:    Encoding `OT1' has changed to `LS1' for symbol font
(Font)              `operators' in the math version `bold' on input line 77.
LaTeX Font Info:    Overwriting symbol font `operators' in version `bold'
(Font)                  OT1/cmr/bx/n --> LS1/stix/m/n on input line 77.
\symbold-operators=\mathgroup6
LaTeX Font Info:    Redeclaring symbol font `symbols' on input line 79.
LaTeX Font Info:    Encoding `OMS' has changed to `LS1' for symbol font
(Font)              `symbols' in the math version `normal' on input line 79.
LaTeX Font Info:    Overwriting symbol font `symbols' in version `normal'
(Font)                  OMS/cmsy/m/n --> LS1/stixscr/m/n on input line 79.
LaTeX Font Info:    Encoding `OMS' has changed to `LS1' for symbol font
(Font)              `symbols' in the math version `bold' on input line 79.
LaTeX Font Info:    Overwriting symbol font `symbols' in version `bold'
(Font)                  OMS/cmsy/b/n --> LS1/stixscr/m/n on input line 79.
\symsymbols2=\mathgroup7
\symsymbols3=\mathgroup8
\symsymbols4=\mathgroup9
\symintegrals=\mathgroup10
LaTeX Font Info:    Redeclaring symbol font `largesymbols' on input line 84.
LaTeX Font Info:    Encoding `OMX' has changed to `LS2' for symbol font
(Font)              `largesymbols' in the math version `normal' on input line 8
4.
LaTeX Font Info:    Overwriting symbol font `largesymbols' in version `normal'
(Font)                  OMX/cmex/m/n --> LS2/stixex/m/n on input line 84.
LaTeX Font Info:    Encoding `OMX' has changed to `LS2' for symbol font
(Font)              `largesymbols' in the math version `bold' on input line 84.

LaTeX Font Info:    Overwriting symbol font `largesymbols' in version `bold'
(Font)                  OMX/cmex/m/n --> LS2/stixex/m/n on input line 84.
\symarrows1=\mathgroup11
\symarrows2=\mathgroup12
\symarrows3=\mathgroup13
LaTeX Font Info:    Overwriting symbol font `letters' in version `bold'
(Font)                  LS1/stix/m/it --> LS1/stix/b/it on input line 88.
LaTeX Font Info:    Overwriting symbol font `operators' in version `bold'
(Font)                  LS1/stix/m/n --> LS1/stix/b/n on input line 89.
LaTeX Font Info:    Overwriting symbol font `symbols' in version `bold'
(Font)                  LS1/stixscr/m/n --> LS1/stixscr/b/n on input line 90.
LaTeX Font Info:    Overwriting symbol font `symbols2' in version `bold'
(Font)                  LS1/stixfrak/m/n --> LS1/stixfrak/b/n on input line 91.

LaTeX Font Info:    Overwriting symbol font `symbols3' in version `bold'
(Font)                  LS1/stixbb/m/n --> LS1/stixbb/b/n on input line 92.
LaTeX Font Info:    Overwriting symbol font `symbols4' in version `bold'
(Font)                  LS1/stixbb/m/it --> LS1/stixbb/b/it on input line 93.
LaTeX Font Info:    Overwriting symbol font `integrals' in version `bold'
(Font)                  LS2/stixcal/m/n --> LS2/stixcal/b/n on input line 94.
LaTeX Font Info:    Overwriting symbol font `largesymbols' in version `bold'
(Font)                  LS2/stixex/m/n --> LS2/stixex/b/n on input line 95.
LaTeX Font Info:    Overwriting symbol font `arrows1' in version `bold'
(Font)                  LS1/stixsf/m/n --> LS1/stixsf/b/n on input line 96.
LaTeX Font Info:    Overwriting symbol font `arrows2' in version `bold'
(Font)                  LS1/stixsf/m/it --> LS1/stixsf/b/it on input line 97.
LaTeX Font Info:    Overwriting symbol font `arrows3' in version `bold'
(Font)                  LS2/stixtt/m/n --> LS2/stixtt/b/n on input line 98.
LaTeX Font Info:    Redeclaring math alphabet \mathit on input line 99.
LaTeX Font Info:    Redeclaring math alphabet \mathfrak on input line 102.
LaTeX Font Info:    Redeclaring math alphabet \mathsf on input line 106.
LaTeX Font Info:    Redeclaring math alphabet \mathtt on input line 108.
LaTeX Font Info:    Redeclaring math alphabet \mathbf on input line 109.
LaTeX Info: Redefining \yen on input line 456.
LaTeX Info: Redefining \circledR on input line 458.
LaTeX Info: Redefining \checkmark on input line 460.
LaTeX Info: Redefining \maltese on input line 461.
LaTeX Font Info:    Redeclaring math accent \grave on input line 698.
LaTeX Font Info:    Redeclaring math accent \acute on input line 699.
LaTeX Font Info:    Redeclaring math accent \hat on input line 700.
LaTeX Font Info:    Redeclaring math accent \tilde on input line 701.
LaTeX Font Info:    Redeclaring math accent \bar on input line 702.
LaTeX Font Info:    Redeclaring math accent \breve on input line 703.
LaTeX Font Info:    Redeclaring math accent \dot on input line 704.
LaTeX Font Info:    Redeclaring math accent \ddot on input line 705.
LaTeX Font Info:    Redeclaring math accent \mathring on input line 707.
LaTeX Font Info:    Redeclaring math accent \check on input line 708.
LaTeX Font Info:    Redeclaring math accent \vec on input line 716.
LaTeX Font Info:    Redeclaring math accent \widehat on input line 728.
LaTeX Font Info:    Redeclaring math accent \widetilde on input line 729.
LaTeX Info: Redefining \vdots on input line 1518.
LaTeX Info: Redefining \cdots on input line 1522.
LaTeX Font Info:    Redeclaring math symbol \mathsterling on input line 1978.
LaTeX Info: Redefining \not on input line 2144.
)
(C:/Users/Ammar/AppData/Local/Programs/MiKTeX/tex/fonts/stix2-type1/stix2.sty
Package: stix2 2021/01/14 v2.0.2-latex STIX Two fonts support package
LaTeX Font Info:    Redeclaring font encoding LS1 on input line 74.
LaTeX Font Info:    Redeclaring font encoding LS2 on input line 75.
LaTeX Font Info:    Redeclaring symbol font `letters' on input line 78.
LaTeX Font Info:    Overwriting symbol font `letters' in version `normal'
(Font)                  LS1/stix/m/it --> LS1/stix2/m/it on input line 78.
LaTeX Font Info:    Overwriting symbol font `letters' in version `bold'
(Font)                  LS1/stix/b/it --> LS1/stix2/m/it on input line 78.
LaTeX Font Info:    Redeclaring symbol font `operators' on input line 79.
LaTeX Font Info:    Overwriting symbol font `operators' in version `normal'
(Font)                  LS1/stix/m/n --> LS1/stix2/m/n on input line 79.
LaTeX Font Info:    Overwriting symbol font `operators' in version `bold'
(Font)                  LS1/stix/b/n --> LS1/stix2/m/n on input line 79.
LaTeX Font Info:    Redeclaring symbol font `bold-operators' on input line 80.
LaTeX Font Info:    Overwriting symbol font `bold-operators' in version `normal
'
(Font)                  LS1/stix/b/n --> LS1/stix2/b/n on input line 80.
LaTeX Font Info:    Overwriting symbol font `bold-operators' in version `bold'
(Font)                  LS1/stix/b/n --> LS1/stix2/b/n on input line 80.
LaTeX Font Info:    Redeclaring symbol font `symbols' on input line 81.
LaTeX Font Info:    Overwriting symbol font `symbols' in version `normal'
(Font)                  LS1/stixscr/m/n --> LS1/stix2scr/m/n on input line 81.
LaTeX Font Info:    Overwriting symbol font `symbols' in version `bold'
(Font)                  LS1/stixscr/b/n --> LS1/stix2scr/m/n on input line 81.
LaTeX Font Info:    Redeclaring symbol font `symbols2' on input line 82.
LaTeX Font Info:    Overwriting symbol font `symbols2' in version `normal'
(Font)                  LS1/stixfrak/m/n --> LS1/stix2frak/m/n on input line 82
.
LaTeX Font Info:    Overwriting symbol font `symbols2' in version `bold'
(Font)                  LS1/stixfrak/b/n --> LS1/stix2frak/m/n on input line 82
.
LaTeX Font Info:    Redeclaring symbol font `symbols3' on input line 83.
LaTeX Font Info:    Overwriting symbol font `symbols3' in version `normal'
(Font)                  LS1/stixbb/m/n --> LS1/stix2bb/m/n on input line 83.
LaTeX Font Info:    Overwriting symbol font `symbols3' in version `bold'
(Font)                  LS1/stixbb/b/n --> LS1/stix2bb/m/n on input line 83.
LaTeX Font Info:    Redeclaring symbol font `symbols4' on input line 84.
LaTeX Font Info:    Overwriting symbol font `symbols4' in version `normal'
(Font)                  LS1/stixbb/m/it --> LS1/stix2bb/m/it on input line 84.
LaTeX Font Info:    Overwriting symbol font `symbols4' in version `bold'
(Font)                  LS1/stixbb/b/it --> LS1/stix2bb/m/it on input line 84.
LaTeX Font Info:    Redeclaring symbol font `integrals' on input line 85.
LaTeX Font Info:    Overwriting symbol font `integrals' in version `normal'
(Font)                  LS2/stixcal/m/n --> LS2/stix2cal/m/n on input line 85.
LaTeX Font Info:    Overwriting symbol font `integrals' in version `bold'
(Font)                  LS2/stixcal/b/n --> LS2/stix2cal/m/n on input line 85.
LaTeX Font Info:    Redeclaring symbol font `largesymbols' on input line 86.
LaTeX Font Info:    Overwriting symbol font `largesymbols' in version `normal'
(Font)                  LS2/stixex/m/n --> LS2/stix2ex/m/n on input line 86.
LaTeX Font Info:    Overwriting symbol font `largesymbols' in version `bold'
(Font)                  LS2/stixex/b/n --> LS2/stix2ex/m/n on input line 86.
LaTeX Font Info:    Redeclaring symbol font `arrows1' on input line 87.
LaTeX Font Info:    Overwriting symbol font `arrows1' in version `normal'
(Font)                  LS1/stixsf/m/n --> LS1/stix2sf/m/n on input line 87.
LaTeX Font Info:    Overwriting symbol font `arrows1' in version `bold'
(Font)                  LS1/stixsf/b/n --> LS1/stix2sf/m/n on input line 87.
LaTeX Font Info:    Redeclaring symbol font `arrows2' on input line 88.
LaTeX Font Info:    Overwriting symbol font `arrows2' in version `normal'
(Font)                  LS1/stixsf/m/it --> LS1/stix2sf/m/it on input line 88.
LaTeX Font Info:    Overwriting symbol font `arrows2' in version `bold'
(Font)                  LS1/stixsf/b/it --> LS1/stix2sf/m/it on input line 88.
LaTeX Font Info:    Redeclaring symbol font `arrows3' on input line 89.
LaTeX Font Info:    Overwriting symbol font `arrows3' in version `normal'
(Font)                  LS2/stixtt/m/n --> LS2/stix2tt/m/n on input line 89.
LaTeX Font Info:    Overwriting symbol font `arrows3' in version `bold'
(Font)                  LS2/stixtt/b/n --> LS2/stix2tt/m/n on input line 89.
LaTeX Font Info:    Overwriting symbol font `letters' in version `bold'
(Font)                  LS1/stix2/m/it --> LS1/stix2/b/it on input line 90.
LaTeX Font Info:    Overwriting symbol font `operators' in version `bold'
(Font)                  LS1/stix2/m/n --> LS1/stix2/b/n on input line 91.
LaTeX Font Info:    Overwriting symbol font `symbols' in version `bold'
(Font)                  LS1/stix2scr/m/n --> LS1/stix2scr/b/n on input line 92.

LaTeX Font Info:    Overwriting symbol font `symbols2' in version `bold'
(Font)                  LS1/stix2frak/m/n --> LS1/stix2frak/b/n on input line 9
3.
LaTeX Font Info:    Overwriting symbol font `symbols3' in version `bold'
(Font)                  LS1/stix2bb/m/n --> LS1/stix2bb/b/n on input line 94.
LaTeX Font Info:    Overwriting symbol font `symbols4' in version `bold'
(Font)                  LS1/stix2bb/m/it --> LS1/stix2bb/b/it on input line 95.

LaTeX Font Info:    Overwriting symbol font `integrals' in version `bold'
(Font)                  LS2/stix2cal/m/n --> LS2/stix2cal/b/n on input line 96.

LaTeX Font Info:    Overwriting symbol font `largesymbols' in version `bold'
(Font)                  LS2/stix2ex/m/n --> LS2/stix2ex/b/n on input line 97.
LaTeX Font Info:    Overwriting symbol font `arrows1' in version `bold'
(Font)                  LS1/stix2sf/m/n --> LS1/stix2sf/b/n on input line 98.
LaTeX Font Info:    Overwriting symbol font `arrows2' in version `bold'
(Font)                  LS1/stix2sf/m/it --> LS1/stix2sf/b/it on input line 99.

LaTeX Font Info:    Overwriting symbol font `arrows3' in version `bold'
(Font)                  LS2/stix2tt/m/n --> LS2/stix2tt/b/n on input line 100.
LaTeX Font Info:    Redeclaring math alphabet \mathbfit on input line 111.
LaTeX Font Info:    Overwriting math alphabet `\mathbfit' in version `normal'
(Font)                  LS1/stix/b/it --> LS1/stix2/b/it on input line 111.
LaTeX Font Info:    Overwriting math alphabet `\mathbfit' in version `bold'
(Font)                  LS1/stix/b/it --> LS1/stix2/b/it on input line 111.
LaTeX Font Info:    Redeclaring math alphabet \mathbfsf on input line 112.
LaTeX Font Info:    Overwriting math alphabet `\mathbfsf' in version `normal'
(Font)                  LS1/stixsf/b/n --> LS1/stix2sf/b/n on input line 112.
LaTeX Font Info:    Overwriting math alphabet `\mathbfsf' in version `bold'
(Font)                  LS1/stixsf/b/n --> LS1/stix2sf/b/n on input line 112.
LaTeX Font Info:    Redeclaring math alphabet \mathbfsfit on input line 113.
LaTeX Font Info:    Overwriting math alphabet `\mathbfsfit' in version `normal'

(Font)                  LS1/stixsf/b/it --> LS1/stix2sf/b/it on input line 113.

LaTeX Font Info:    Overwriting math alphabet `\mathbfsfit' in version `bold'
(Font)                  LS1/stixsf/b/it --> LS1/stix2sf/b/it on input line 113.

LaTeX Font Info:    Redeclaring math alphabet \mathbfscr on input line 114.
LaTeX Font Info:    Overwriting math alphabet `\mathbfscr' in version `normal'
(Font)                  LS1/stixscr/b/n --> LS1/stix2scr/b/n on input line 114.

LaTeX Font Info:    Overwriting math alphabet `\mathbfscr' in version `bold'
(Font)                  LS1/stixscr/b/n --> LS1/stix2scr/b/n on input line 114.

LaTeX Font Info:    Redeclaring math alphabet \mathbffrak on input line 115.
LaTeX Font Info:    Overwriting math alphabet `\mathbffrak' in version `normal'

(Font)                  LS1/stixfrak/b/n --> LS1/stix2frak/b/n on input line 11
5.
LaTeX Font Info:    Overwriting math alphabet `\mathbffrak' in version `bold'
(Font)                  LS1/stixfrak/b/n --> LS1/stix2frak/b/n on input line 11
5.
LaTeX Info: Redefining \yen on input line 455.
LaTeX Info: Redefining \circledR on input line 457.
LaTeX Info: Redefining \checkmark on input line 459.
LaTeX Info: Redefining \maltese on input line 460.
LaTeX Font Info:    Redeclaring math accent \grave on input line 697.
LaTeX Font Info:    Redeclaring math accent \acute on input line 698.
LaTeX Font Info:    Redeclaring math accent \hat on input line 699.
LaTeX Font Info:    Redeclaring math accent \tilde on input line 700.
LaTeX Font Info:    Redeclaring math accent \bar on input line 701.
LaTeX Font Info:    Redeclaring math accent \breve on input line 702.
LaTeX Font Info:    Redeclaring math accent \dot on input line 703.
LaTeX Font Info:    Redeclaring math accent \ddot on input line 704.
LaTeX Font Info:    Redeclaring math accent \ovhook on input line 705.
LaTeX Font Info:    Redeclaring math accent \mathring on input line 706.
LaTeX Font Info:    Redeclaring math accent \check on input line 707.
LaTeX Font Info:    Redeclaring math accent \candra on input line 708.
LaTeX Font Info:    Redeclaring math accent \oturnedcomma on input line 709.
LaTeX Font Info:    Redeclaring math accent \ocommatopright on input line 710.
LaTeX Font Info:    Redeclaring math accent \droang on input line 711.
LaTeX Font Info:    Redeclaring math accent \leftharpoonaccent on input line 71
2.
LaTeX Font Info:    Redeclaring math accent \rightharpoonaccent on input line 7
13.
LaTeX Font Info:    Redeclaring math accent \leftarrowaccent on input line 714.

LaTeX Font Info:    Redeclaring math accent \vec on input line 715.
LaTeX Font Info:    Redeclaring math accent \dddot on input line 718.
LaTeX Font Info:    Redeclaring math accent \ddddot on input line 719.
LaTeX Font Info:    Redeclaring math accent \leftrightarrowaccent on input line
 720.
LaTeX Font Info:    Redeclaring math accent \annuity on input line 721.
LaTeX Font Info:    Redeclaring math accent \widebridgeabove on input line 722.

LaTeX Font Info:    Redeclaring math accent \asteraccent on input line 723.
LaTeX Font Info:    Redeclaring math accent \widehat on input line 727.
LaTeX Font Info:    Redeclaring math accent \widetilde on input line 728.
LaTeX Info: Redefining \vdots on input line 1517.
LaTeX Info: Redefining \cdots on input line 1521.
LaTeX Info: Redefining \not on input line 2141.
)
(C:/Users/Ammar/AppData/Local/Programs/MiKTeX/tex/latex/textcase/textcase.sty
Package: textcase 2023/07/27 v1.04 Text only upper/lower case changing (DPC)
Package textcase Info: Defining Legacy names on input line 20.
)
(C:/Users/Ammar/AppData/Local/Programs/MiKTeX/tex/latex/imakeidx/imakeidx.sty
Package: imakeidx 2016/10/15 v1.3e Package for typesetting indices in a synchro
nous mode

(C:/Users/Ammar/AppData/Local/Programs/MiKTeX/tex/generic/iftex/ifxetex.sty
Package: ifxetex 2019/10/25 v0.7 ifxetex legacy package. Use iftex instead.
)
(C:/Users/Ammar/AppData/Local/Programs/MiKTeX/tex/generic/iftex/ifluatex.sty
Package: ifluatex 2019/10/25 v1.5 ifluatex legacy package. Use iftex instead.
)
(C:/Users/Ammar/AppData/Local/Programs/MiKTeX/tex/latex/tools/multicol.sty
Package: multicol 2024/09/14 v1.9i multicolumn formatting (FMi)
\c@tracingmulticols=\count376
\mult@box=\box111
\multicol@leftmargin=\dimen361
\c@unbalance=\count377
\c@collectmore=\count378
\doublecol@number=\count379
\multicoltolerance=\count380
\multicolpretolerance=\count381
\full@width=\dimen362
\page@free=\dimen363
\premulticols=\dimen364
\postmulticols=\dimen365
\multicolsep=\skip152
\multicolbaselineskip=\skip153
\partial@page=\box112
\last@line=\box113
\mc@boxedresult=\box114
\maxbalancingoverflow=\dimen366
\mult@rightbox=\box115
\mult@grightbox=\box116
\mult@firstbox=\box117
\mult@gfirstbox=\box118
\@tempa=\box119
\@tempa=\box120
\@tempa=\box121
\@tempa=\box122
\@tempa=\box123
\@tempa=\box124
\@tempa=\box125
\@tempa=\box126
\@tempa=\box127
\@tempa=\box128
\@tempa=\box129
\@tempa=\box130
\@tempa=\box131
\@tempa=\box132
\@tempa=\box133
\@tempa=\box134
\@tempa=\box135
\@tempa=\box136
\@tempa=\box137
\@tempa=\box138
\@tempa=\box139
\@tempa=\box140
\@tempa=\box141
\@tempa=\box142
\@tempa=\box143
\@tempa=\box144
\@tempa=\box145
\@tempa=\box146
\@tempa=\box147
\@tempa=\box148
\@tempa=\box149
\@tempa=\box150
\@tempa=\box151
\@tempa=\box152
\@tempa=\box153
\@tempa=\box154
\c@minrows=\count382
\c@columnbadness=\count383
\c@finalcolumnbadness=\count384
\last@try=\dimen367
\multicolovershoot=\dimen368
\multicolundershoot=\dimen369
\mult@nat@firstbox=\box155
\colbreak@box=\box156
\mc@col@check@num=\count385
))
luaotfload | aux : font no 18 (nil) defines no feature for script latn
luaotfload | aux : font no 18 (nil) defines no feature for script dflt
luaotfload | aux : font no 18 (nil) does not define feature smcp for script latn
 with language dflt
luaotfload | aux : font no 18 (nil) does not define feature smcp for script dflt
 with language dflt
luaotfload | aux : font no 18 (nil) does not define feature smcp for script latn
 with language dflt
luaotfload | aux : font no 18 (nil) does not define feature smcp for script dflt
 with language dflt

Package fontspec Info: 
(fontspec)             Font family 'itc-new-baskerville-roman-latin-1(0)'
(fontspec)             created for font 'itc-new-baskerville-roman-latin-1'
(fontspec)             with options [Ligatures=TeX,Extension = .ttf,Path =
(fontspec)             fonts/,SizeFeatures={Size=12}].
(fontspec)              
(fontspec)              This font family consists of the following NFSS
(fontspec)             series/shapes:
(fontspec)              
(fontspec)             - 'normal' (m/n) with NFSS spec.:
(fontspec)             <12>"[fonts/itc-new-baskerville-roman-latin-1.ttf]:mode=
node;language=dflt;+tlig;"



LaTeX Font Warning: Font shape `TU/itc-new-baskerville-roman-latin-1(0)/m/n' in
 size <10> not available
(Font)              size <12> substituted on input line 42.

luaotfload | aux : font no 21 (nil) defines no feature for script latn
luaotfload | aux : font no 21 (nil) defines no feature for script dflt
luaotfload | aux : font no 21 (nil) does not define feature smcp for script latn
 with language dflt
luaotfload | aux : font no 21 (nil) does not define feature smcp for script dflt
 with language dflt
luaotfload | aux : font no 21 (nil) does not define feature smcp for script latn
 with language dflt
luaotfload | aux : font no 21 (nil) does not define feature smcp for script dflt
 with language dflt

Package fontspec Info: 
(fontspec)             Font family 'itc-new-baskerville-italic-latin-1(0)'
(fontspec)             created for font 'itc-new-baskerville-italic-latin-1'
(fontspec)             with options [Extension = .ttf,Path = fonts/].
(fontspec)              
(fontspec)              This font family consists of the following NFSS
(fontspec)             series/shapes:
(fontspec)              
(fontspec)             - 'normal' (m/n) with NFSS spec.:
(fontspec)             <->"[fonts/itc-new-baskerville-italic-latin-1.ttf]:mode=
node;language=dflt;"

luaotfload | aux : font no 24 (nil) does not define feature smcp for script latn
 with language dflt
luaotfload | aux : font no 24 (nil) does not define feature smcp for script latn
 with language dflt
luaotfload | aux : font no 24 (nil) does not define feature smcp for script dflt
 with language dflt
luaotfload | aux : font no 24 (nil) does not define feature smcp for script latn
 with language dflt
luaotfload | aux : font no 24 (nil) does not define feature smcp for script latn
 with language dflt
luaotfload | aux : font no 24 (nil) does not define feature smcp for script dflt
 with language dflt

Package fontspec Info: 
(fontspec)             Font family 'ITCFranklinGothicStd-DemiIt(0)' created
(fontspec)             for font 'ITCFranklinGothicStd-DemiIt' with options
(fontspec)             [Extension = .otf,Path = fonts/].
(fontspec)              
(fontspec)              This font family consists of the following NFSS
(fontspec)             series/shapes:
(fontspec)              
(fontspec)             - 'normal' (m/n) with NFSS spec.:
(fontspec)             <->"[fonts/ITCFranklinGothicStd-DemiIt.otf]:mode=node;sc
ript=latn;language=dflt;"

luaotfload | aux : font no 27 (nil) does not define feature smcp for script latn
 with language dflt
luaotfload | aux : font no 27 (nil) does not define feature smcp for script latn
 with language dflt
luaotfload | aux : font no 27 (nil) does not define feature smcp for script dflt
 with language dflt
luaotfload | aux : font no 27 (nil) does not define feature smcp for script latn
 with language dflt
luaotfload | aux : font no 27 (nil) does not define feature smcp for script latn
 with language dflt
luaotfload | aux : font no 27 (nil) does not define feature smcp for script dflt
 with language dflt

Package fontspec Info: 
(fontspec)             Font family 'ITCFranklinGothicStd-Book(0)' created for
(fontspec)             font 'ITCFranklinGothicStd-Book' with options
(fontspec)             [Extension = .otf,Path = fonts/].
(fontspec)              
(fontspec)              This font family consists of the following NFSS
(fontspec)             series/shapes:
(fontspec)              
(fontspec)             - 'normal' (m/n) with NFSS spec.:
(fontspec)             <->"[fonts/ITCFranklinGothicStd-Book.otf]:mode=node;scri
pt=latn;language=dflt;"

luaotfload | aux : font no 29 (nil) defines no feature for script latn
luaotfload | aux : font no 29 (nil) defines no feature for script dflt
luaotfload | aux : font no 29 (nil) does not define feature smcp for script latn
 with language dflt
luaotfload | aux : font no 29 (nil) does not define feature smcp for script dflt
 with language dflt
luaotfload | aux : font no 29 (nil) does not define feature smcp for script latn
 with language dflt
luaotfload | aux : font no 29 (nil) does not define feature smcp for script dflt
 with language dflt

Package fontspec Info: 
(fontspec)             Font family 'itc-new-baskerville-bold-latin-1(0)'
(fontspec)             created for font 'itc-new-baskerville-bold-latin-1'
(fontspec)             with options [Extension = .ttf,Path = fonts/].
(fontspec)              
(fontspec)              This font family consists of the following NFSS
(fontspec)             series/shapes:
(fontspec)              
(fontspec)             - 'normal' (m/n) with NFSS spec.:
(fontspec)             <->"[fonts/itc-new-baskerville-bold-latin-1.ttf]:mode=no
de;language=dflt;"

luaotfload | aux : font no 31 (nil) defines no feature for script latn
luaotfload | aux : font no 31 (nil) defines no feature for script dflt
luaotfload | aux : font no 31 (nil) does not define feature smcp for script latn
 with language dflt
luaotfload | aux : font no 31 (nil) does not define feature smcp for script dflt
 with language dflt
luaotfload | aux : font no 31 (nil) does not define feature smcp for script latn
 with language dflt
luaotfload | aux : font no 31 (nil) does not define feature smcp for script dflt
 with language dflt

Package fontspec Info: 
(fontspec)             Font family
(fontspec)             'itc-new-baskerville-bold-italic-latin-1(0)' created
(fontspec)             for font 'itc-new-baskerville-bold-italic-latin-1' with
(fontspec)             options [Extension = .ttf,Path = fonts/].
(fontspec)              
(fontspec)              This font family consists of the following NFSS
(fontspec)             series/shapes:
(fontspec)              
(fontspec)             - 'normal' (m/n) with NFSS spec.:
(fontspec)             <->"[fonts/itc-new-baskerville-bold-italic-latin-1.ttf]:
mode=node;language=dflt;"

luaotfload | aux : font no 34 (nil) does not define feature smcp for script latn
 with language dflt
luaotfload | aux : font no 34 (nil) does not define feature smcp for script latn
 with language dflt
luaotfload | aux : font no 34 (nil) does not define feature smcp for script dflt
 with language dflt
luaotfload | aux : font no 34 (nil) does not define feature smcp for script latn
 with language dflt
luaotfload | aux : font no 34 (nil) does not define feature smcp for script latn
 with language dflt
luaotfload | aux : font no 34 (nil) does not define feature smcp for script dflt
 with language dflt

Package fontspec Info: 
(fontspec)             Font family 'franklingothic-demi(0)' created for font
(fontspec)             'franklingothic-demi' with options [Extension =
(fontspec)             .otf,Path = fonts/].
(fontspec)              
(fontspec)              This font family consists of the following NFSS
(fontspec)             series/shapes:
(fontspec)              
(fontspec)             - 'normal' (m/n) with NFSS spec.:
(fontspec)             <->"[fonts/franklingothic-demi.otf]:mode=node;script=lat
n;language=dflt;"

luaotfload | aux : font no 37 (nil) does not define feature smcp for script latn
 with language dflt
luaotfload | aux : font no 37 (nil) does not define feature smcp for script latn
 with language dflt
luaotfload | aux : font no 37 (nil) does not define feature smcp for script dflt
 with language dflt
luaotfload | aux : font no 37 (nil) does not define feature smcp for script latn
 with language dflt
luaotfload | aux : font no 37 (nil) does not define feature smcp for script latn
 with language dflt
luaotfload | aux : font no 37 (nil) does not define feature smcp for script dflt
 with language dflt

Package fontspec Info: 
(fontspec)             Font family 'franklingothic-demicd(0)' created for font
(fontspec)             'franklingothic-demicd' with options [Extension =
(fontspec)             .otf,Path = fonts/].
(fontspec)              
(fontspec)              This font family consists of the following NFSS
(fontspec)             series/shapes:
(fontspec)              
(fontspec)             - 'normal' (m/n) with NFSS spec.:
(fontspec)             <->"[fonts/franklingothic-demicd.otf]:mode=node;script=l
atn;language=dflt;"

luaotfload | aux : font no 40 (nil) does not define feature smcp for script latn
 with language dflt
luaotfload | aux : font no 40 (nil) does not define feature smcp for script latn
 with language dflt
luaotfload | aux : font no 40 (nil) does not define feature smcp for script dflt
 with language dflt
luaotfload | aux : font no 40 (nil) does not define feature smcp for script latn
 with language dflt
luaotfload | aux : font no 40 (nil) does not define feature smcp for script latn
 with language dflt
luaotfload | aux : font no 40 (nil) does not define feature smcp for script dflt
 with language dflt

Package fontspec Info: 
(fontspec)             Font family 'franklingothic-book(0)' created for font
(fontspec)             'franklingothic-book' with options [Extension =
(fontspec)             .otf,Path = fonts/].
(fontspec)              
(fontspec)              This font family consists of the following NFSS
(fontspec)             series/shapes:
(fontspec)              
(fontspec)             - 'normal' (m/n) with NFSS spec.:
(fontspec)             <->"[fonts/franklingothic-book.otf]:mode=node;script=lat
n;language=dflt;"

luaotfload | aux : font no 43 (nil) does not define feature smcp for script latn
 with language dflt
luaotfload | aux : font no 43 (nil) does not define feature smcp for script latn
 with language dflt
luaotfload | aux : font no 43 (nil) does not define feature smcp for script dflt
 with language dflt
luaotfload | aux : font no 43 (nil) does not define feature smcp for script latn
 with language dflt
luaotfload | aux : font no 43 (nil) does not define feature smcp for script latn
 with language dflt
luaotfload | aux : font no 43 (nil) does not define feature smcp for script dflt
 with language dflt

Package fontspec Info: 
(fontspec)             Font family 'CourierStd(0)' created for font
(fontspec)             'CourierStd' with options [Extension = .otf,Path =
(fontspec)             fonts/].
(fontspec)              
(fontspec)              This font family consists of the following NFSS
(fontspec)             series/shapes:
(fontspec)              
(fontspec)             - 'normal' (m/n) with NFSS spec.:
(fontspec)             <->"[fonts/CourierStd.otf]:mode=node;script=latn;languag
e=dflt;"

luaotfload | aux : font no 18 (nil) defines no feature for script latn
luaotfload | aux : font no 18 (nil) defines no feature for script dflt
luaotfload | aux : font no 18 (nil) does not define feature smcp for script latn
 with language dflt
luaotfload | aux : font no 18 (nil) does not define feature smcp for script dflt
 with language dflt
luaotfload | aux : font no 18 (nil) does not define feature smcp for script latn
 with language dflt
luaotfload | aux : font no 18 (nil) does not define feature smcp for script dflt
 with language dflt

Package fontspec Info: 
(fontspec)             Font family 'itc-new-baskerville-roman-latin-1(1)'
(fontspec)             created for font 'itc-new-baskerville-roman-latin-1'
(fontspec)             with options [Extension = .ttf,Path = fonts/].
(fontspec)              
(fontspec)              This font family consists of the following NFSS
(fontspec)             series/shapes:
(fontspec)              
(fontspec)             - 'normal' (m/n) with NFSS spec.:
(fontspec)             <->"[fonts/itc-new-baskerville-roman-latin-1.ttf]:mode=n
ode;language=dflt;"

luaotfload | aux : font no 45 (nil) defines no feature for script latn
luaotfload | aux : font no 45 (nil) defines no feature for script dflt
luaotfload | aux : font no 45 (nil) does not define feature smcp for script latn
 with language dflt
luaotfload | aux : font no 45 (nil) does not define feature smcp for script dflt
 with language dflt
luaotfload | aux : font no 45 (nil) does not define feature smcp for script latn
 with language dflt
luaotfload | aux : font no 45 (nil) does not define feature smcp for script dflt
 with language dflt

Package fontspec Info: 
(fontspec)             Font family 'bsc(0)' created for font 'bsc' with
(fontspec)             options [Extension = .ttf,Path = fonts/].
(fontspec)              
(fontspec)              This font family consists of the following NFSS
(fontspec)             series/shapes:
(fontspec)              
(fontspec)             - 'normal' (m/n) with NFSS spec.:
(fontspec)             <->"[fonts/bsc.ttf]:mode=node;language=dflt;"

luaotfload | aux : font no 47 (nil) defines no feature for script latn
luaotfload | aux : font no 47 (nil) defines no feature for script dflt
luaotfload | aux : font no 47 (nil) does not define feature smcp for script latn
 with language dflt
luaotfload | aux : font no 47 (nil) does not define feature smcp for script dflt
 with language dflt
luaotfload | aux : font no 47 (nil) does not define feature smcp for script latn
 with language dflt
luaotfload | aux : font no 47 (nil) does not define feature smcp for script dflt
 with language dflt

Package fontspec Info: 
(fontspec)             Font family 'itc-new-baskerville-black-latin-1(0)'
(fontspec)             created for font 'itc-new-baskerville-black-latin-1'
(fontspec)             with options [Extension = .ttf,Path = fonts/].
(fontspec)              
(fontspec)              This font family consists of the following NFSS
(fontspec)             series/shapes:
(fontspec)              
(fontspec)             - 'normal' (m/n) with NFSS spec.:
(fontspec)             <->"[fonts/itc-new-baskerville-black-latin-1.ttf]:mode=n
ode;language=dflt;"

\main@idxfile=\write4

\openout4 = main.idx
Writing index file main.idx
\c@ttlp@side=\count386
\ttlp@side=\count387
)
(C:/Users/Ammar/AppData/Local/Programs/MiKTeX/tex/latex/kantlipsum/kantlipsum.s
ty
Package: kantlipsum 2023/11/27 v0.8c Generate text in Kantian style
\l__kgl_start_int=\count388
\l__kgl_end_int=\count389

Package kantlipsum Info: The package provides paragraphs 1 to 164. Values
(kantlipsum)             outside this range will be ignored.

) (./main.aux)
\openout1 = main.aux

LaTeX Font Info:    Checking defaults for OML/cmm/m/it on input line 13.
LaTeX Font Info:    ... okay on input line 13.
LaTeX Font Info:    Checking defaults for OMS/cmsy/m/n on input line 13.
LaTeX Font Info:    ... okay on input line 13.
LaTeX Font Info:    Checking defaults for OT1/cmr/m/n on input line 13.
LaTeX Font Info:    ... okay on input line 13.
LaTeX Font Info:    Checking defaults for T1/cmr/m/n on input line 13.
LaTeX Font Info:    ... okay on input line 13.
LaTeX Font Info:    Checking defaults for TS1/cmr/m/n on input line 13.
LaTeX Font Info:    ... okay on input line 13.
LaTeX Font Info:    Checking defaults for TU/lmr/m/n on input line 13.
LaTeX Font Info:    ... okay on input line 13.
LaTeX Font Info:    Checking defaults for OMX/cmex/m/n on input line 13.
LaTeX Font Info:    ... okay on input line 13.
LaTeX Font Info:    Checking defaults for U/cmr/m/n on input line 13.
LaTeX Font Info:    ... okay on input line 13.
LaTeX Font Info:    Checking defaults for LS1/stix2/m/n on input line 13.
LaTeX Font Info:    Trying to load font information for LS1+stix2 on input line
 13.

(C:/Users/Ammar/AppData/Local/Programs/MiKTeX/tex/fonts/stix2-type1/ls1stix2.fd
File: ls1stix2.fd 2018/04/02 v2.0.0-latex stix2 LS1 font definitions
)
LaTeX Font Info:    ... okay on input line 13.
LaTeX Font Info:    Checking defaults for LS2/stix2/m/n on input line 13.
LaTeX Font Info:    Trying to load font information for LS2+stix2 on input line
 13.

(C:/Users/Ammar/AppData/Local/Programs/MiKTeX/tex/fonts/stix2-type1/ls2stix2.fd
File: ls2stix2.fd 2018/04/02 v2.0.0-latex stix2 LS2 font definitions
)
LaTeX Font Info:    ... okay on input line 13.

*geometry* driver: auto-detecting
*geometry* detected driver: luatex
*geometry* verbose mode - [ preamble ] result:
* driver: luatex
* paper: a4paper
* layout: <same size as paper>
* layoutoffset:(h,v)=(0.0pt,0.0pt)
* modes: twoside 
* h-part:(L,W,R)=(85.35826pt, 426.79135pt, 85.35826pt)
* v-part:(T,H,B)=(85.35826pt, 674.33032pt, 85.35826pt)
* \paperwidth=597.50787pt
* \paperheight=845.04684pt
* \textwidth=426.79135pt
* \textheight=665.0pt
* \oddsidemargin=13.08827pt
* \evensidemargin=13.08827pt
* \topmargin=-16.97922pt
* \headheight=12.0pt
* \headsep=18.06749pt
* \topskip=10.0pt
* \footskip=40.0pt
* \marginparwidth=115.0pt
* \marginparsep=7.0pt
* \columnsep=10.0pt
* \skip\footins=9.0pt plus 4.0pt minus 2.0pt
* \hoffset=0.0pt
* \voffset=0.0pt
* \mag=1000
* \@twocolumnfalse
* \@twosidetrue
* \@mparswitchtrue
* \@reversemarginfalse
* (1in=72.27pt=25.4mm, 1cm=28.453pt)


(C:/Users/Ammar/AppData/Local/Programs/MiKTeX/tex/context/base/mkii/supp-pdf.mk
ii
[Loading MPS to PDF converter (version 2006.09.02).]
\scratchcounter=\count390
\scratchdimen=\dimen370
\scratchbox=\box157
\nofMPsegments=\count391
\nofMParguments=\count392
\everyMPshowfont=\toks53
\MPscratchCnt=\count393
\MPscratchDim=\dimen371
\MPnumerator=\count394
\makeMPintoPDFobject=\count395
\everyMPtoPDFconversion=\toks54
)
(C:/Users/Ammar/AppData/Local/Programs/MiKTeX/tex/latex/epstopdf-pkg/epstopdf-b
ase.sty
Package: epstopdf-base 2020-01-24 v2.11 Base part for package epstopdf
Package epstopdf-base Info: Redefining graphics rule for `.eps' on input line 4
85.

(C:/Users/Ammar/AppData/Local/Programs/MiKTeX/tex/latex/00miktex/epstopdf-sys.c
fg
File: epstopdf-sys.cfg 2021/03/18 v2.0 Configuration of epstopdf for MiKTeX
))
(C:/Users/Ammar/AppData/Local/Programs/MiKTeX/tex/latex/ninecolors/ninecolors.s
ty
Package: ninecolors 2022-02-13 v2022D Select colors with proper color contrast
)

Package fontspec Info: 
(fontspec)             Adjusting the maths setup (use [no-math] to avoid
(fontspec)             this).

\symlegacymaths=\mathgroup14
LaTeX Font Info:    Overwriting symbol font `legacymaths' in version `bold'
(Font)                  OT1/cmr/m/n --> OT1/cmr/bx/n on input line 13.
LaTeX Font Info:    Redeclaring math accent \acute on input line 13.
LaTeX Font Info:    Redeclaring math accent \grave on input line 13.
LaTeX Font Info:    Redeclaring math accent \ddot on input line 13.
LaTeX Font Info:    Redeclaring math accent \tilde on input line 13.
LaTeX Font Info:    Redeclaring math accent \bar on input line 13.
LaTeX Font Info:    Redeclaring math accent \breve on input line 13.
LaTeX Font Info:    Redeclaring math accent \check on input line 13.
LaTeX Font Info:    Redeclaring math accent \hat on input line 13.
LaTeX Font Info:    Redeclaring math accent \dot on input line 13.
LaTeX Font Info:    Redeclaring math accent \mathring on input line 13.
LaTeX Font Info:    Redeclaring math symbol \Gamma on input line 13.
LaTeX Font Info:    Redeclaring math symbol \Delta on input line 13.
LaTeX Font Info:    Redeclaring math symbol \Theta on input line 13.
LaTeX Font Info:    Redeclaring math symbol \Lambda on input line 13.
LaTeX Font Info:    Redeclaring math symbol \Xi on input line 13.
LaTeX Font Info:    Redeclaring math symbol \Pi on input line 13.
LaTeX Font Info:    Redeclaring math symbol \Sigma on input line 13.
LaTeX Font Info:    Redeclaring math symbol \Upsilon on input line 13.
LaTeX Font Info:    Redeclaring math symbol \Phi on input line 13.
LaTeX Font Info:    Redeclaring math symbol \Psi on input line 13.
LaTeX Font Info:    Redeclaring math symbol \Omega on input line 13.
LaTeX Font Info:    Redeclaring math symbol \mathdollar on input line 13.
LaTeX Font Info:    Redeclaring symbol font `operators' on input line 13.
LaTeX Font Info:    Encoding `LS1' has changed to `TU' for symbol font
(Font)              `operators' in the math version `normal' on input line 13.
LaTeX Font Info:    Overwriting symbol font `operators' in version `normal'
(Font)                  LS1/stix2/m/n --> TU/itc-new-baskerville-roman-latin-1(
0)/m/n on input line 13.
LaTeX Font Info:    Encoding `LS1' has changed to `TU' for symbol font
(Font)              `operators' in the math version `bold' on input line 13.
LaTeX Font Info:    Overwriting symbol font `operators' in version `bold'
(Font)                  LS1/stix2/b/n --> TU/itc-new-baskerville-roman-latin-1(
0)/m/n on input line 13.
LaTeX Font Info:    Overwriting symbol font `operators' in version `normal'
(Font)                  TU/itc-new-baskerville-roman-latin-1(0)/m/n --> TU/itc-
new-baskerville-roman-latin-1(0)/m/n on input line 13.
LaTeX Font Info:    Overwriting math alphabet `\mathit' in version `normal'
(Font)                  LS1/stix2/m/it --> TU/itc-new-baskerville-roman-latin-1
(0)/m/it on input line 13.
LaTeX Font Info:    Overwriting math alphabet `\mathbf' in version `normal'
(Font)                  LS1/stix2/b/n --> TU/itc-new-baskerville-roman-latin-1(
0)/b/n on input line 13.
LaTeX Font Info:    Overwriting math alphabet `\mathsf' in version `normal'
(Font)                  LS1/stix2sf/m/n --> TU/lmss/m/n on input line 13.
LaTeX Font Info:    Overwriting math alphabet `\mathtt' in version `normal'
(Font)                  LS2/stix2tt/m/n --> TU/lmtt/m/n on input line 13.
LaTeX Font Info:    Overwriting symbol font `operators' in version `bold'
(Font)                  TU/itc-new-baskerville-roman-latin-1(0)/m/n --> TU/itc-
new-baskerville-roman-latin-1(0)/b/n on input line 13.
LaTeX Font Info:    Overwriting math alphabet `\mathit' in version `bold'
(Font)                  LS1/stix2/b/it --> TU/itc-new-baskerville-roman-latin-1
(0)/b/it on input line 13.
LaTeX Font Info:    Overwriting math alphabet `\mathsf' in version `bold'
(Font)                  LS1/stix2sf/b/n --> TU/lmss/b/n on input line 13.
LaTeX Font Info:    Overwriting math alphabet `\mathtt' in version `bold'
(Font)                  LS2/stix2tt/b/n --> TU/lmtt/b/n on input line 13.
LaTeX Info: Command `\dddot' is already robust on input line 13.
LaTeX Info: Command `\ddddot' is already robust on input line 13.
\c@lstlisting=\count396
Package caption Info: Begin \AtBeginDocument code.
Package caption Info: sidecap package is loaded.
Package caption Info: End \AtBeginDocument code.

(C:/Users/Ammar/AppData/Local/Programs/MiKTeX/tex/latex/pdflscape/pdflscape.sty
Package: pdflscape 2022-10-27 v0.13 Display of landscape pages in PDF

(C:/Users/Ammar/AppData/Local/Programs/MiKTeX/tex/latex/pdflscape/pdflscape-nom
etadata.sty
Package: pdflscape-nometadata 2022-10-28 v0.13 Display of landscape pages in PD
F (HO)

(C:/Users/Ammar/AppData/Local/Programs/MiKTeX/tex/latex/graphics/lscape.sty
Package: lscape 2020/05/28 v3.02 Landscape Pages (DPC)
)
Package pdflscape Info: Auto-detected driver: pdftex on input line 81.
))
warning  (file External PDF Pages/DLCover.pdf) (pdf inclusion): PDF inclusion: f
ound PDF version '1.7', but at most version '1.5' allowed
<External PDF Pages/DLCover.pdf, id=4, 532.99126pt x 668.4975pt>
File: External PDF Pages/DLCover.pdf Graphic file (type pdf)
<use External PDF Pages/DLCover.pdf>
Package luatex.def Info: External PDF Pages/DLCover.pdf  used on input line 20.

(luatex.def)             Requested size: 532.98996pt x 668.49586pt.

warning  (file External PDF Pages/DLCover.pdf) (pdf inclusion): PDF inclusion: f
ound PDF version '1.7', but at most version '1.5' allowed
File: External PDF Pages/DLCover.pdf Graphic file (type pdf)
<use External PDF Pages/DLCover.pdf>
Package luatex.def Info: External PDF Pages/DLCover.pdf  used on input line 20.

(luatex.def)             Requested size: 532.98996pt x 668.49586pt.

warning  (file External PDF Pages/DLCover.pdf) (pdf inclusion): PDF inclusion: f
ound PDF version '1.7', but at most version '1.5' allowed

warning  (file External PDF Pages/DLCover.pdf) (pdf inclusion): PDF inclusion: f
ound PDF version '1.7', but at most version '1.5' allowed
<External PDF Pages/DLCover.pdf, id=7, page=1, 532.99126pt x 668.4975pt>
File: External PDF Pages/DLCover.pdf Graphic file (type pdf)
<use External PDF Pages/DLCover.pdf, page 1>
Package luatex.def Info: External PDF Pages/DLCover.pdf , page1 used on input l
ine 20.
(luatex.def)             Requested size: 597.56424pt x 845.11642pt.
File: External PDF Pages/DLCover.pdf Graphic file (type pdf)
<use External PDF Pages/DLCover.pdf, page 1>
Package luatex.def Info: External PDF Pages/DLCover.pdf , page1 used on input l
ine 20.
(luatex.def)             Requested size: 533.01434pt x 668.52646pt.
File: External PDF Pages/DLCover.pdf Graphic file (type pdf)
<use External PDF Pages/DLCover.pdf, page 1>
Package luatex.def Info: External PDF Pages/DLCover.pdf , page1 used on input l
ine 20.
(luatex.def)             Requested size: 533.01434pt x 668.52646pt.
File: External PDF Pages/DLCover.pdf Graphic file (type pdf)
<use External PDF Pages/DLCover.pdf, page 1>
Package luatex.def Info: External PDF Pages/DLCover.pdf , page1 used on input l
ine 20.
(luatex.def)             Requested size: 533.01434pt x 668.52646pt.


File: External PDF Pages/DLCover.pdf Graphic file (type pdf)
<use External PDF Pages/DLCover.pdf, page 1>
Package luatex.def Info: External PDF Pages/DLCover.pdf , page1 used on input l
ine 20.
(luatex.def)             Requested size: 533.01434pt x 668.52646pt.
[1



<./External PDF Pages/DLCover.pdf>]
Underfull \vbox (badness 10000) has occurred while \output is active []



[2{C:/Users/Ammar/AppData/Local/MiKTeX/fonts/map/pdftex/pdftex.map}]

[2]
Package svg Info: Last page of `./svg-inkscape/manning_logo_svg-tex.pdf' is 1 o
n input line 42.
 (./svg-inkscape/manning_logo_svg-tex.pdf_tex
<./svg-inkscape/manning_logo_svg-tex.pdf, id=37, page=1, 112.92188pt x 112.9218
8pt>
File: ./svg-inkscape/manning_logo_svg-tex.pdf Graphic file (type pdf)
<use ./svg-inkscape/manning_logo_svg-tex.pdf, page 1>
Package luatex.def Info: ./svg-inkscape/manning_logo_svg-tex.pdf , page1 used o
n input line 56.
(luatex.def)             Requested size: 33.87689pt x 33.87682pt.
)

[3<./svg-inkscape/manning_logo_svg-tex.pdf>]
LaTeX Font Info:    Calculating math sizes for size <11> on input line 82.


LaTeX Font Warning: Font shape `TU/itc-new-baskerville-roman-latin-1(0)/m/n' in
 size <11> not available
(Font)              size <12> substituted on input line 82.


LaTeX Font Warning: Font shape `TU/itc-new-baskerville-roman-latin-1(0)/m/n' in
 size <7.69997> not available
(Font)              size <12> substituted on input line 82.


LaTeX Font Warning: Font shape `TU/itc-new-baskerville-roman-latin-1(0)/m/n' in
 size <5.5> not available
(Font)              size <12> substituted on input line 82.

LaTeX Font Info:    Trying to load font information for LS1+stix2scr on input l
ine 82.

(C:/Users/Ammar/AppData/Local/Programs/MiKTeX/tex/fonts/stix2-type1/ls1stix2scr
.fd
File: ls1stix2scr.fd 2018/04/02 v2.0.0-latex stix2 script LS1 font definitions
)
LaTeX Font Info:    Trying to load font information for LS2+stix2ex on input li
ne 82.

(C:/Users/Ammar/AppData/Local/Programs/MiKTeX/tex/fonts/stix2-type1/ls2stix2ex.
fd
File: ls2stix2ex.fd 2018/04/02 v2.0.0-latex stix2 extentions LS2 font definitio
ns
)
LaTeX Font Info:    Trying to load font information for U+msa on input line 82.

 (C:/Users/Ammar/AppData/Local/Programs/MiKTeX/tex/latex/amsfonts/umsa.fd
File: umsa.fd 2013/01/14 v3.01 AMS symbols A
)
LaTeX Font Info:    Trying to load font information for U+msb on input line 82.


(C:/Users/Ammar/AppData/Local/Programs/MiKTeX/tex/latex/amsfonts/umsb.fd
File: umsb.fd 2013/01/14 v3.01 AMS symbols B
)
LaTeX Font Info:    Trying to load font information for LS1+stix2frak on input 
line 82.

(C:/Users/Ammar/AppData/Local/Programs/MiKTeX/tex/fonts/stix2-type1/ls1stix2fra
k.fd
File: ls1stix2frak.fd 2018/04/02 v2.0.0-latex stix2 fraktur LS1 font definition
s
)
LaTeX Font Info:    Trying to load font information for LS1+stix2bb on input li
ne 82.

(C:/Users/Ammar/AppData/Local/Programs/MiKTeX/tex/fonts/stix2-type1/ls1stix2bb.
fd
File: ls1stix2bb.fd 2018/04/02 v2.0.0-latex stix2 blackboard LS1 font definitio
ns
)
LaTeX Font Info:    Trying to load font information for LS2+stix2cal on input l
ine 82.

(C:/Users/Ammar/AppData/Local/Programs/MiKTeX/tex/fonts/stix2-type1/ls2stix2cal
.fd
File: ls2stix2cal.fd 2018/04/02 v2.0.0-latex stix2 calligraphic LS2 font defini
tions
)
LaTeX Font Info:    Trying to load font information for LS1+stix2sf on input li
ne 82.

(C:/Users/Ammar/AppData/Local/Programs/MiKTeX/tex/fonts/stix2-type1/ls1stix2sf.
fd
File: ls1stix2sf.fd 2018/04/02 v2.0.0-latex stix2 sans-serif LS1 font definitio
ns
)
LaTeX Font Info:    Trying to load font information for LS2+stix2tt on input li
ne 82.

(C:/Users/Ammar/AppData/Local/Programs/MiKTeX/tex/fonts/stix2-type1/ls2stix2tt.
fd
File: ls2stix2tt.fd 2018/04/02 v2.0.0-latex stix2 typewriter LS2 font definitio
ns
)

LaTeX Font Warning: Font shape `OT1/cmr/m/n' in size <5.5> not available
(Font)              size <5> substituted on input line 82.

Package svg Info: Last page of `./svg-inkscape/manning_logo_svg-tex.pdf' is 1 o
n input line 86.
(./svg-inkscape/manning_logo_svg-tex.pdf_tex
File: ./svg-inkscape/manning_logo_svg-tex.pdf Graphic file (type pdf)
<use ./svg-inkscape/manning_logo_svg-tex.pdf, page 1>
Package luatex.def Info: ./svg-inkscape/manning_logo_svg-tex.pdf , page1 used o
n input line 56.
(luatex.def)             Requested size: 28.23047pt x 28.2304pt.
)

[4] (./main.toc)
\tf@toc=\write5

\openout5 = main.toc


[5

]

[6]

[7


warning  (pdf backend): pop empty color page stack 0
]

[8]

[9


warning  (pdf backend): pop empty color page stack 0
]

[10


warning  (pdf backend): pop empty color page stack 0
]

[11]
<Images/author.jpg, id=74, 1644.1425pt x 1644.1425pt>
File: Images/author.jpg Graphic file (type jpg)
<use Images/author.jpg>
Package luatex.def Info: Images/author.jpg  used on input line 152.
(luatex.def)             Requested size: 128.0387pt x 128.02182pt.


[12


warning  (pdf backend): pop empty color page stack 0
<./Images/author.jpg>]

[13


warning  (pdf backend): pop empty color page stack 0
]

[13

]
Package mdframed Info: mdframed works in twoside mode on input line 168.

Overfull \hbox (41.33955pt too wide) in paragraph at lines 168--168
 []
 []


Overfull \hbox (133.31221pt too wide) in paragraph at lines 168--168
 \TU/itc-new-baskerville-italic-latin-1(0)/m/n/38 Part 1
 []

Package mdframed Info: mdframed inside a box 
 mdframed uses option nobreak mdframed on input line 168.

LaTeX Warning: Reference `mdf@pagelabel-1' on page 1 undefined on input line 16
8.


LaTeX Font Warning: Font shape `TU/itc-new-baskerville-roman-latin-1(0)/m/n' in
 size <7.5> not available
(Font)              size <12> substituted on input line 168.


LaTeX Font Warning: Font shape `TU/itc-new-baskerville-roman-latin-1(0)/m/n' in
 size <6> not available
(Font)              size <12> substituted on input line 168.


LaTeX Font Warning: Font shape `OT1/cmr/m/n' in size <7.5> not available
(Font)              size <7> substituted on input line 168.

Package mdframed Info: mdframed works in twoside mode on input line 168.
Package mdframed Info: mdframed inside a box 
 mdframed uses option nobreak mdframed on input line 168.


[1


warning  (pdf backend): pop empty color page stack 0
]

[2

]
Chapter 1.
Package mdframed Info: mdframed works in twoside mode on input line 184.

LaTeX Font Warning: Font shape `TU/itc-new-baskerville-roman-latin-1(0)/m/n' in
 size <5> not available
(Font)              size <12> substituted on input line 185.

Package mdframed Info: mdframed inside a box 
 mdframed uses option nobreak mdframed on input line 188.


[3
warning  (pdf backend): pop empty color page stack 0

warning  (pdf backend): pop empty color page stack 0

warning  (pdf backend): pop empty color page stack 0
]
Package mdframed Info: mdframed works in twoside mode on input line 202.


[4
warning  (pdf backend): pop empty color page stack 0
]
Overfull \hbox (2.08pt too wide) in paragraph at lines 210--210
[] [] 
 []


Underfull \hbox (badness 10000) in paragraph at lines 211--212

 []



[5]
<Images/Manning.jpg, id=108, 192.72pt x 192.72pt>
File: Images/Manning.jpg Graphic file (type jpg)
<use Images/Manning.jpg>
Package luatex.def Info: Images/Manning.jpg  used on input line 252.
(luatex.def)             Requested size: 134.90306pt x 134.90306pt.
<Images/Curcic-MF-HI.png, id=109, 264.99pt x 332.24126pt>
File: Images/Curcic-MF-HI.png Graphic file (type png)
<use Images/Curcic-MF-HI.png>
Package luatex.def Info: Images/Curcic-MF-HI.png  used on input line 264.
(luatex.def)             Requested size: 57.61702pt x 72.23653pt.
<Images/Lerner-Python-HI.png, id=110, 264.99pt x 332.24126pt>
File: Images/Lerner-Python-HI.png Graphic file (type png)
<use Images/Lerner-Python-HI.png>
Package luatex.def Info: Images/Lerner-Python-HI.png  used on input line 270.
(luatex.def)             Requested size: 57.61702pt x 72.23653pt.
<Images/Robey-PHPC-HI.png, id=111, 264.99pt x 332.24126pt>
File: Images/Robey-PHPC-HI.png Graphic file (type png)
<use Images/Robey-PHPC-HI.png>
Package luatex.def Info: Images/Robey-PHPC-HI.png  used on input line 276.
(luatex.def)             Requested size: 57.61702pt x 72.23653pt.
<Images/Whitington-HI.png, id=112, 264.99pt x 332.24126pt>
File: Images/Whitington-HI.png Graphic file (type png)
<use Images/Whitington-HI.png>
Package luatex.def Info: Images/Whitington-HI.png  used on input line 282.
(luatex.def)             Requested size: 57.61702pt x 72.23653pt.


[6<./Images/Manning.jpg><./Images/Curcic-MF-HI.png><./Images/Lerner-Python-HI.pn
g><./Images/Robey-PHPC-HI.png><./Images/Whitington-HI.png>]
File: Images/Whitington-HI.png Graphic file (type png)
<use Images/Whitington-HI.png>
Package luatex.def Info: Images/Whitington-HI.png  used on input line 299.
(luatex.def)             Requested size: 170.71393pt x 214.04301pt.
File: Images/Whitington-HI.png Graphic file (type png)
<use Images/Whitington-HI.png>
Package luatex.def Info: Images/Whitington-HI.png  used on input line 311.
(luatex.def)             Requested size: 106.69783pt x 133.77625pt.

Overfull \hbox (14.16pt too wide) in paragraph at lines 306--313
[]$[]$ []  $[]$
 []



[7]
> Step: init table outer spec.
> Step: parse table options.
> Step: split table.
> Step: init table inner spec.
> Step: parse table inner spec.
> Step: execute table commands.
> Step: calculate cell and line sizes.
> Step: build the whole table.

Underfull \vbox (badness 10000) has occurred while \output is active []



[8]

[9]

LaTeX Font Warning: Font shape `TU/itc-new-baskerville-roman-latin-1(0)/b/n' un
defined
(Font)              using `TU/itc-new-baskerville-roman-latin-1(0)/m/n' instead
 on input line 394.


LaTeX Font Warning: Font shape `TU/ITCFranklinGothicStd-DemiIt(0)/b/n' undefine
d
(Font)              using `TU/ITCFranklinGothicStd-DemiIt(0)/m/n' instead on in
put line 394.


Underfull \vbox (badness 2951) has occurred while \output is active []



[10]
Chapter 2.


[11


warning  (pdf backend): pop empty color page stack 0

warning  (pdf backend): pop empty color page stack 0

warning  (pdf backend): pop empty color page stack 0

warning  (pdf backend): pop empty color page stack 0

warning  (pdf backend): pop empty color page stack 0

warning  (pdf backend): pop empty color page stack 0

warning  (pdf backend): pop empty color page stack 0

warning  (pdf backend): pop empty color page stack 0

warning  (pdf backend): pop empty color page stack 0

warning  (pdf backend): pop empty color page stack 0

warning  (pdf backend): pop empty color page stack 0

warning  (pdf backend): pop empty color page stack 0

warning  (pdf backend): pop empty color page stack 0

warning  (pdf backend): pop empty color page stack 0

warning  (pdf backend): pop empty color page stack 0

warning  (pdf backend): pop empty color page stack 0
]
Chapter 3.


[12


warning  (pdf backend): pop empty color page stack 0

warning  (pdf backend): pop empty color page stack 0
]
Chapter 4.


[13


warning  (pdf backend): pop empty color page stack 0

warning  (pdf backend): pop empty color page stack 0
]
Package mdframed Info: mdframed works in twoside mode on input line 434.

Overfull \hbox (41.33955pt too wide) in paragraph at lines 434--434
 []
 []


Overfull \hbox (133.31221pt too wide) in paragraph at lines 434--434
 \TU/itc-new-baskerville-italic-latin-1(0)/m/n/38 Part 2
 []

Package mdframed Info: mdframed inside a box 
 mdframed uses option nobreak mdframed on input line 434.

LaTeX Warning: Reference `mdf@pagelabel-5' on page 14 undefined on input line 4
34.

Package mdframed Info: mdframed works in twoside mode on input line 434.
Package mdframed Info: mdframed inside a box 
 mdframed uses option nobreak mdframed on input line 434.


[14


warning  (pdf backend): pop empty color page stack 0
]

[15

]
Chapter 5.


[16
warning  (pdf backend): pop empty color page stack 0

warning  (pdf backend): pop empty color page stack 0
]
Chapter 6.


[17


warning  (pdf backend): pop empty color page stack 0

warning  (pdf backend): pop empty color page stack 0
]
Chapter 7.


[18


warning  (pdf backend): pop empty color page stack 0

warning  (pdf backend): pop empty color page stack 0
]
Chapter 8.


[19


warning  (pdf backend): pop empty color page stack 0

warning  (pdf backend): pop empty color page stack 0
]

[20


warning  (pdf backend): pop empty color page stack 0
]

[21
warning  (pdf backend): pop empty color page stack 0
]

[22]

[23


warning  (pdf backend): pop empty color page stack 0
]

[24
warning  (pdf backend): pop empty color page stack 0
]

[25] (./main.ind [26



])

[27] (./main.aux)
 ***********
LaTeX2e <2024-11-01>
L3 programming layer <2024-11-02>
 ***********


LaTeX Font Warning: Size substitutions with differences
(Font)              up to 7.0pt have occurred.


LaTeX Font Warning: Some font shapes were not available, defaults substituted.


LaTeX Warning: There were undefined references.

)

Here is how much of LuaTeX's memory you used:
 30848 strings out of 475664
 125007,1977958 words of node,token memory allocated
 824 words of node memory still in use:
   7 hlist, 2 vlist, 2 rule, 2 glue, 4 kern, 1 glyph, 8 attribute, 116 glue_spec
, 8 attribute_list, 2 write nodes
   avail lists: 2:1888,3:721,4:160,5:748,6:226,7:9741,8:132,9:1637,10:25,11:735
 52827 multiletter control sequences out of 65536+600000
 189 fonts using 11685887 bytes
 109i,49n,128p,636b,1241s stack positions out of 10000i,1000n,20000p,200000b,200000s
{C:/Users/Ammar/AppData/Local/Programs/MiKTeX/fonts/enc/dvips/stix2-type1/stix2-
mathcal.enc}<./fonts/CourierStd.otf><./fonts/franklingothic-demicd.otf>{C:/Users
/Ammar/AppData/Local/Programs/MiKTeX/fonts/enc/dvips/stix2-type1/stix2-mathit.en
c}<./fonts/FranklinGothic-Demi.otf><./fonts/ITCFranklinGothicStd-Book.otf>{C:/Us
ers/Ammar/AppData/Local/Programs/MiKTeX/fonts/enc/dvips/stix2-type1/stix2-mathsc
r.enc}<./fonts/ITCFranklinGothicStd-DemiIt.otf><./fonts/bsc.ttf><./fonts/itc-new
-baskerville-bold-latin-1.ttf><./fonts/itc-new-baskerville-black-latin-1.ttf>{C:
/Users/Ammar/AppData/Local/Programs/MiKTeX/fonts/enc/dvips/stix2-type1/stix2-mat
hfrak.enc}<./fonts/FranklinGothic-Book.otf><./fonts/itc-new-baskerville-roman-la
tin-1.ttf><./fonts/itc-new-baskerville-italic-latin-1.ttf><./fonts/itc-new-baske
rville-bold-italic-latin-1.ttf><C:/Users/Ammar/AppData/Local/Programs/MiKTeX/fon
ts/type1/public/stix2-type1/STIX2Math.pfb><C:/Users/Ammar/AppData/Local/Programs
/MiKTeX/fonts/type1/public/amsfonts/cm/cmr10.pfb><C:/Users/Ammar/AppData/Local/P
rograms/MiKTeX/fonts/type1/public/amsfonts/cm/cmr7.pfb>
Output written on main.pdf (42 pages, 1563654 bytes).

PDF statistics: 273 PDF objects out of 1000 (max. 8388607)
 0 named destinations out of 1000 (max. 131072)
 16 words of extra memory for PDF output out of 10000 (max. 100000000)

