%!Adobe-FontList 1.22
%Locale:0x409

%BeginFont
Handler:DirectoryHandler
FontType:Invalid
OutlineFileName:/Users/tamaras/Desktop/Kennedy3/Kennedy3_InDesign_Black/Document fonts/AdobeFnt22.lst
FileLength:23903
FileModTime:753787195
%EndFont

%BeginFont
Handler:DirectoryHandler
FontType:TrueType
FontName:Arial-BoldItalicMT
FamilyName:Arial
StyleName:Bold Italic
MenuName:Arial
StyleBits:3
WeightClass:700
WidthClass:5
AngleClass:1
FullName:Arial Bold Italic
WritingScript:Roman
OutlineFileName:/Users/tamaras/Desktop/Kennedy3/Kennedy3_InDesign_Black/Document fonts/Arial Bold Italic.ttf
DataFormat:sfntData
hasSVG:no
VariableFontType:NonVariableFont
FileLength:563800
FileModTime:296418957
NameArray:0,Mac,4,Arial Bold Italic
NameArray:0,Win,1,Arial
%EndFont

%BeginFont
Handler:DirectoryHandler
FontType:TrueType
FontName:Arial-BoldMT
FamilyName:Arial
StyleName:Bold
MenuName:Arial
StyleBits:2
WeightClass:700
WidthClass:5
AngleClass:0
FullName:Arial Bold
WritingScript:Roman
OutlineFileName:/Users/tamaras/Desktop/Kennedy3/Kennedy3_InDesign_Black/Document fonts/Arial Bold.ttf
DataFormat:sfntData
hasSVG:no
VariableFontType:NonVariableFont
FileLength:751104
FileModTime:296418957
NameArray:0,Mac,4,Arial Bold
NameArray:0,Win,1,Arial
%EndFont

%BeginFont
Handler:DirectoryHandler
FontType:TrueType
FontName:Arial-ItalicMT
FamilyName:Arial
StyleName:Italic
MenuName:Arial
StyleBits:1
WeightClass:400
WidthClass:5
AngleClass:1
FullName:Arial Italic
WritingScript:Roman
OutlineFileName:/Users/tamaras/Desktop/Kennedy3/Kennedy3_InDesign_Black/Document fonts/Arial Italic.ttf
DataFormat:sfntData
hasSVG:no
VariableFontType:NonVariableFont
FileLength:557760
FileModTime:296418957
NameArray:0,Mac,4,Arial Italic
NameArray:0,Win,1,Arial
%EndFont

%BeginFont
Handler:DirectoryHandler
FontType:TrueType
FontName:ArialMT
FamilyName:Arial
StyleName:Regular
MenuName:Arial
StyleBits:0
WeightClass:400
WidthClass:5
AngleClass:0
FullName:Arial
WritingScript:Roman
OutlineFileName:/Users/tamaras/Desktop/Kennedy3/Kennedy3_InDesign_Black/Document fonts/Arial.ttf
DataFormat:sfntData
hasSVG:no
VariableFontType:NonVariableFont
FileLength:774476
FileModTime:296418957
NameArray:0,Mac,4,Arial
NameArray:0,Win,1,Arial
%EndFont

%BeginFont
Handler:DirectoryHandler
FontType:TrueType
FontName:Calibri
FamilyName:Calibri
StyleName:Regular
MenuName:Calibri
StyleBits:0
WeightClass:400
WidthClass:5
AngleClass:0
FullName:Calibri
WritingScript:Roman
OutlineFileName:/Users/tamaras/Desktop/Kennedy3/Kennedy3_InDesign_Black/Document fonts/Calibri.ttf
DataFormat:sfntData
hasSVG:no
VariableFontType:NonVariableFont
FileLength:780064
FileModTime:297127094
NameArray:0,Mac,4,Calibri
NameArray:0,Win,1,Calibri
%EndFont

%BeginFont
Handler:DirectoryHandler
FontType:TrueType
FontName:CourierNewPSMT
FamilyName:Courier New
StyleName:Regular
MenuName:Courier New
StyleBits:0
WeightClass:400
WidthClass:5
AngleClass:0
FullName:Courier New
WritingScript:Roman
OutlineFileName:/Users/tamaras/Desktop/Kennedy3/Kennedy3_InDesign_Black/Document fonts/Courier New.ttf
DataFormat:sfntData
hasSVG:no
VariableFontType:NonVariableFont
FileLength:684624
FileModTime:511916608
NameArray:0,Mac,4,Courier New
NameArray:0,Win,1,Courier New
%EndFont

%BeginFont
Handler:DirectoryHandler
FontType:Type1
FontName:CourierStd-Bold
FamilyName:Courier Std
StyleName:Bold
MenuName:Courier Std
StyleBits:2
WeightClass:700
WidthClass:5
AngleClass:0
FullName:Courier Std Bold
WritingScript:Roman
OutlineFileName:/Users/tamaras/Desktop/Kennedy3/Kennedy3_InDesign_Black/Document fonts/CourierStd-Bold.otf
DataFormat:sfntData
UsesStandardEncoding:yes
isCFF:yes
hasSVG:no
VariableFontType:NonVariableFont
FileLength:35188
FileModTime:74485050
NameArray:0,Mac,4,Courier Std Bold
NameArray:0,Win,1,Courier Std
%EndFont

%BeginFont
Handler:DirectoryHandler
FontType:Type1
FontName:CourierStd
FamilyName:Courier Std
StyleName:Medium
MenuName:Courier Std
StyleBits:0
WeightClass:500
WidthClass:5
AngleClass:0
FullName:Courier Std Medium
WritingScript:Roman
OutlineFileName:/Users/tamaras/Desktop/Kennedy3/Kennedy3_InDesign_Black/Document fonts/CourierStd.otf
DataFormat:sfntData
UsesStandardEncoding:yes
isCFF:yes
hasSVG:no
VariableFontType:NonVariableFont
FileLength:35448
FileModTime:74485050
NameArray:0,Mac,18,Courier Std
NameArray:0,Mac,4,Courier Std Medium
NameArray:0,Win,1,Courier Std
%EndFont

%BeginFont
Handler:DirectoryHandler
FontType:Type1
FontName:ElleBaskerville-Normal
FamilyName:Elle Baskerville
StyleName:Normal
MenuName:Elle Baskerville
StyleBits:0
WeightClass:400
WidthClass:5
AngleClass:0
FullName:Elle Baskerville Normal
WritingScript:Roman
OutlineFileName:/Users/tamaras/Desktop/Kennedy3/Kennedy3_InDesign_Black/Document fonts/Elle Baskerville Normal.otf
DataFormat:sfntData
UsesStandardEncoding:yes
isCFF:yes
hasSVG:no
VariableFontType:NonVariableFont
FileLength:26992
FileModTime:605793082
NameArray:0,Mac,4,Elle Baskerville Normal
NameArray:0,Win,1,Elle Baskerville
%EndFont

%BeginFont
Handler:DirectoryHandler
FontType:TrueType
FontName:FranklinGothic-BookItalic
FamilyName:Franklin Gothic Book
StyleName:Italic
MenuName:Franklin Gothic Book
StyleBits:1
WeightClass:400
WidthClass:5
AngleClass:1
FullName:Franklin Gothic Book Italic
WritingScript:Roman
OutlineFileName:/Users/tamaras/Desktop/Kennedy3/Kennedy3_InDesign_Black/Document fonts/Franklin Gothic Book Italic.ttf
DataFormat:sfntData
hasSVG:no
VariableFontType:NonVariableFont
FileLength:169620
FileModTime:298268833
NameArray:0,Mac,4,Franklin Gothic Book Italic
NameArray:0,Win,1,Franklin Gothic Book
%EndFont

%BeginFont
Handler:DirectoryHandler
FontType:TrueType
FontName:FranklinGothic-Book
FamilyName:Franklin Gothic Book
StyleName:Regular
MenuName:Franklin Gothic Book
StyleBits:0
WeightClass:400
WidthClass:5
AngleClass:0
FullName:Franklin Gothic Book
WritingScript:Roman
OutlineFileName:/Users/tamaras/Desktop/Kennedy3/Kennedy3_InDesign_Black/Document fonts/Franklin Gothic Book.ttf
DataFormat:sfntData
hasSVG:no
VariableFontType:NonVariableFont
FileLength:152700
FileModTime:298268833
NameArray:0,Mac,4,Franklin Gothic Book
NameArray:0,Win,1,Franklin Gothic Book
%EndFont

%BeginFont
Handler:DirectoryHandler
FontType:Type1
FontName:Humanist521BT-BoldCondensed
FamilyName:Humanist 521 BT
StyleName:Bold Condensed
MenuName:Humanist 521 BT Bold Condensed
StyleBits:2
WeightClass:700
WidthClass:3
AngleClass:0
FullName:Humanist 521 BT Bold Condensed
WritingScript:Roman
OutlineFileName:/Users/tamaras/Desktop/Kennedy3/Kennedy3_InDesign_Black/Document fonts/HumanBTBolCon
DataFormat:POSTResource
UsesStandardEncoding:yes
isCFF:no
hasSVG:no
VariableFontType:NonVariableFont
FileLength:33351
FileModTime:169102502
DesignSize:-1
%EndFont

%BeginFont
Handler:DirectoryHandler
FontType:Suitcase
FontName:Humanist521BT-BoldCondensed
OutlineFileName:/Users/tamaras/Desktop/Kennedy3/Kennedy3_InDesign_Black/Document fonts/Humanist521BT-BoldCondensed
ResourceID:3520
MacStyle:0
FileLength:5269
FileModTime:362984462
%EndFont

%BeginFont
Handler:DirectoryHandler
FontType:Type1
FontName:ITCFranklinGothicStd-Book
FamilyName:ITC Franklin Gothic Std
StyleName:Book
MenuName:ITC Franklin Gothic Std Book
StyleBits:0
WeightClass:400
WidthClass:5
AngleClass:0
FullName:ITC Franklin Gothic Std Book
WritingScript:Roman
OutlineFileName:/Users/tamaras/Desktop/Kennedy3/Kennedy3_InDesign_Black/Document fonts/ITCFranklinGothicStd-Book 2.otf
DataFormat:sfntData
UsesStandardEncoding:yes
isCFF:yes
hasSVG:no
VariableFontType:NonVariableFont
FileLength:28388
FileModTime:605793090
NameArray:0,Mac,4,ITC Franklin Gothic Std Book
NameArray:0,Win,1,ITC Franklin Gothic Std Book
NameArray:0,Win,16,ITC Franklin Gothic Std
%EndFont

%BeginFont
Handler:DirectoryHandler
FontType:Type1
FontName:ITCFranklinGothicStd-Demi
FamilyName:ITC Franklin Gothic Std
StyleName:Demi
MenuName:ITC Franklin Gothic Std Book
StyleBits:2
WeightClass:600
WidthClass:5
AngleClass:0
FullName:ITC Franklin Gothic Std Demi
WritingScript:Roman
OutlineFileName:/Users/tamaras/Desktop/Kennedy3/Kennedy3_InDesign_Black/Document fonts/ITCFranklinGothicStd-Demi 2.otf
DataFormat:sfntData
UsesStandardEncoding:yes
isCFF:yes
hasSVG:no
VariableFontType:NonVariableFont
FileLength:29316
FileModTime:605793088
NameArray:0,Mac,4,ITC Franklin Gothic Std Demi
NameArray:0,Win,1,ITC Franklin Gothic Std Book
NameArray:0,Win,16,ITC Franklin Gothic Std
%EndFont

%BeginFont
Handler:DirectoryHandler
FontType:Type1
FontName:ITCFranklinGothicStd-DemiIt
FamilyName:ITC Franklin Gothic Std
StyleName:Demi Italic
MenuName:ITC Franklin Gothic Std Book
StyleBits:3
WeightClass:600
WidthClass:5
AngleClass:1
FullName:ITC Franklin Gothic Std Demi Italic
WritingScript:Roman
OutlineFileName:/Users/tamaras/Desktop/Kennedy3/Kennedy3_InDesign_Black/Document fonts/ITCFranklinGothicStd-DemiIt 2.otf
DataFormat:sfntData
UsesStandardEncoding:yes
isCFF:yes
hasSVG:no
VariableFontType:NonVariableFont
FileLength:32232
FileModTime:605793090
NameArray:0,Mac,18,ITC Franklin Gothic Std Demi It
NameArray:0,Mac,4,ITC Franklin Gothic Std Demi Italic
NameArray:0,Win,1,ITC Franklin Gothic Std Book
NameArray:0,Win,16,ITC Franklin Gothic Std
%EndFont

%BeginFont
Handler:DirectoryHandler
FontType:Type1
FontName:NewBaskervilleStd-Bold
FamilyName:ITC New Baskerville Std
StyleName:Bold
MenuName:ITC New Baskerville Std
StyleBits:2
WeightClass:700
WidthClass:5
AngleClass:0
FullName:ITC New Baskerville Std Bold
WritingScript:Roman
OutlineFileName:/Users/tamaras/Desktop/Kennedy3/Kennedy3_InDesign_Black/Document fonts/NewBaskervilleStd-Bold.otf
DataFormat:sfntData
UsesStandardEncoding:yes
isCFF:yes
hasSVG:no
VariableFontType:NonVariableFont
FileLength:49172
FileModTime:241092136
NameArray:0,Mac,4,ITC New Baskerville Std Bold
NameArray:0,Win,1,ITC New Baskerville Std
%EndFont

%BeginFont
Handler:DirectoryHandler
FontType:Type1
FontName:NewBaskervilleStd-BoldIt
FamilyName:ITC New Baskerville Std
StyleName:Bold Italic
MenuName:ITC New Baskerville Std
StyleBits:3
WeightClass:700
WidthClass:5
AngleClass:1
FullName:ITC New Baskerville Std Bold Italic
WritingScript:Roman
OutlineFileName:/Users/tamaras/Desktop/Kennedy3/Kennedy3_InDesign_Black/Document fonts/NewBaskervilleStd-BoldIt.otf
DataFormat:sfntData
UsesStandardEncoding:yes
isCFF:yes
hasSVG:no
VariableFontType:NonVariableFont
FileLength:36540
FileModTime:241092138
NameArray:0,Mac,18,ITC New Baskerville Std Bold It
NameArray:0,Mac,4,ITC New Baskerville Std Bold Italic
NameArray:0,Win,1,ITC New Baskerville Std
%EndFont

%BeginFont
Handler:DirectoryHandler
FontType:Type1
FontName:NewBaskervilleStd-Italic
FamilyName:ITC New Baskerville Std
StyleName:Italic
MenuName:ITC New Baskerville Std
StyleBits:1
WeightClass:400
WidthClass:5
AngleClass:1
FullName:ITC New Baskerville Std Italic
WritingScript:Roman
OutlineFileName:/Users/tamaras/Desktop/Kennedy3/Kennedy3_InDesign_Black/Document fonts/NewBaskervilleStd-Italic.otf
DataFormat:sfntData
UsesStandardEncoding:yes
isCFF:yes
hasSVG:no
VariableFontType:NonVariableFont
FileLength:35404
FileModTime:241092138
NameArray:0,Mac,4,ITC New Baskerville Std Italic
NameArray:0,Win,1,ITC New Baskerville Std
%EndFont

%BeginFont
Handler:DirectoryHandler
FontType:Type1
FontName:NewBaskervilleStd-Roman
FamilyName:ITC New Baskerville Std
StyleName:Roman
MenuName:ITC New Baskerville Std
StyleBits:0
WeightClass:400
WidthClass:5
AngleClass:0
FullName:ITC New Baskerville Std Roman
WritingScript:Roman
OutlineFileName:/Users/tamaras/Desktop/Kennedy3/Kennedy3_InDesign_Black/Document fonts/NewBaskervilleStd-Roman.otf
DataFormat:sfntData
UsesStandardEncoding:yes
isCFF:yes
hasSVG:no
VariableFontType:NonVariableFont
FileLength:49008
FileModTime:241092138
NameArray:0,Mac,18,ITC New Baskerville Std
NameArray:0,Mac,4,ITC New Baskerville Std Roman
NameArray:0,Win,1,ITC New Baskerville Std
%EndFont

%BeginFont
Handler:DirectoryHandler
FontType:TrueType
FontName:TimesNewRomanPS-BoldMT
FamilyName:Times New Roman
StyleName:Bold
MenuName:Times New Roman
StyleBits:2
WeightClass:700
WidthClass:5
AngleClass:0
FullName:Times New Roman Bold
WritingScript:Roman
OutlineFileName:/Users/tamaras/Desktop/Kennedy3/Kennedy3_InDesign_Black/Document fonts/Times New Roman Bold.ttf
DataFormat:sfntData
hasSVG:no
VariableFontType:NonVariableFont
FileLength:842964
FileModTime:296418957
NameArray:0,Mac,4,Times New Roman Bold
NameArray:0,Win,1,Times New Roman
%EndFont

%BeginFont
Handler:DirectoryHandler
FontType:TrueType
FontName:TimesNewRomanPSMT
FamilyName:Times New Roman
StyleName:Regular
MenuName:Times New Roman
StyleBits:0
WeightClass:400
WidthClass:5
AngleClass:0
FullName:Times New Roman
WritingScript:Roman
OutlineFileName:/Users/tamaras/Desktop/Kennedy3/Kennedy3_InDesign_Black/Document fonts/Times New Roman.ttf
DataFormat:sfntData
hasSVG:no
VariableFontType:NonVariableFont
FileLength:836380
FileModTime:296418957
NameArray:0,Mac,4,Times New Roman
NameArray:0,Win,1,Times New Roman
%EndFont

%BeginFont
Handler:DirectoryHandler
FontType:Type1
FontName:UniversLTStd-Light
FamilyName:Univers LT Std
StyleName:45 Light
MenuName:Univers LT Std 45 Light
StyleBits:0
WeightClass:300
WidthClass:5
AngleClass:0
FullName:Univers LT Std 45 Light
WritingScript:Roman
OutlineFileName:/Users/tamaras/Desktop/Kennedy3/Kennedy3_InDesign_Black/Document fonts/UniversLTStd-Light.otf
DataFormat:sfntData
UsesStandardEncoding:yes
isCFF:yes
hasSVG:no
VariableFontType:NonVariableFont
FileLength:32832
FileModTime:74485118
NameArray:0,Mac,4,Univers LT Std 45 Light
NameArray:0,Win,1,Univers LT Std 45 Light
NameArray:0,Win,16,Univers LT Std
%EndFont

%BeginFont
Handler:DirectoryHandler
FontType:Type1
FontName:UniversLTStd
FamilyName:Univers LT Std
StyleName:55 Roman
MenuName:Univers LT Std 55
StyleBits:0
WeightClass:400
WidthClass:5
AngleClass:0
FullName:Univers LT Std 55 Roman
WritingScript:Roman
OutlineFileName:/Users/tamaras/Desktop/Kennedy3/Kennedy3_InDesign_Black/Document fonts/UniversLTStd.otf
DataFormat:sfntData
UsesStandardEncoding:yes
isCFF:yes
hasSVG:no
VariableFontType:NonVariableFont
FileLength:33452
FileModTime:74485118
NameArray:0,Mac,18,Univers LT Std 55
NameArray:0,Mac,4,Univers LT Std 55 Roman
NameArray:0,Win,1,Univers LT Std 55
NameArray:0,Win,16,Univers LT Std
%EndFont

%BeginFont
Handler:DirectoryHandler
FontType:TrueType
FontName:Verdana-Bold
FamilyName:Verdana
StyleName:Bold
MenuName:Verdana
StyleBits:2
WeightClass:700
WidthClass:5
AngleClass:0
FullName:Verdana Bold
WritingScript:Roman
OutlineFileName:/Users/tamaras/Desktop/Kennedy3/Kennedy3_InDesign_Black/Document fonts/Verdana Bold.ttf
DataFormat:sfntData
hasSVG:no
VariableFontType:NonVariableFont
FileLength:156340
FileModTime:296418957
NameArray:0,Mac,4,Verdana Bold
NameArray:0,Win,1,Verdana
%EndFont

%BeginFont
Handler:DirectoryHandler
FontType:TrueType
FontName:Verdana-Italic
FamilyName:Verdana
StyleName:Italic
MenuName:Verdana
StyleBits:1
WeightClass:400
WidthClass:5
AngleClass:1
FullName:Verdana Italic
WritingScript:Roman
OutlineFileName:/Users/tamaras/Desktop/Kennedy3/Kennedy3_InDesign_Black/Document fonts/Verdana Italic.ttf
DataFormat:sfntData
hasSVG:no
VariableFontType:NonVariableFont
FileLength:177996
FileModTime:296418957
NameArray:0,Mac,4,Verdana Italic
NameArray:0,Win,1,Verdana
%EndFont

%BeginFont
Handler:DirectoryHandler
FontType:TrueType
FontName:Verdana
FamilyName:Verdana
StyleName:Regular
MenuName:Verdana
StyleBits:0
WeightClass:400
WidthClass:5
AngleClass:0
FullName:Verdana
WritingScript:Roman
OutlineFileName:/Users/tamaras/Desktop/Kennedy3/Kennedy3_InDesign_Black/Document fonts/Verdana.ttf
DataFormat:sfntData
hasSVG:no
VariableFontType:NonVariableFont
FileLength:189144
FileModTime:296418957
NameArray:0,Mac,4,Verdana
NameArray:0,Win,1,Verdana
%EndFont

%BeginFont
Handler:DirectoryHandler
FontType:TrueType
FontName:Wingdings2
FamilyName:Wingdings 2
StyleName:Regular
MenuName:Wingdings 2
StyleBits:0
WeightClass:400
WidthClass:5
AngleClass:0
FullName:Wingdings 2
WritingScript:Roman
OutlineFileName:/Users/tamaras/Desktop/Kennedy3/Kennedy3_InDesign_Black/Document fonts/Wingdings2.ttf
DataFormat:sfntData
hasSVG:no
VariableFontType:NonVariableFont
FileLength:65264
FileModTime:303372934
NameArray:0,Mac,4,Wingdings 2
NameArray:0,Win,1,Wingdings 2
%EndFont

%BeginFont
Handler:DirectoryHandler
FontType:Type1
FontName:ZapfDingbats
FamilyName:Zapf Dingbats
StyleName:Regular
MenuName:Zapf Dingbats
StyleBits:0
WeightClass:500
WidthClass:5
AngleClass:0
FullName:Zapf Dingbats
WritingScript:Roman
OutlineFileName:/Users/tamaras/Desktop/Kennedy3/Kennedy3_InDesign_Black/Document fonts/ZapfDin.otf
DataFormat:sfntData
UsesStandardEncoding:yes
isCFF:yes
hasSVG:no
VariableFontType:NonVariableFont
FileLength:34300
FileModTime:404220046
NameArray:0,Mac,4,Zapf Dingbats
NameArray:0,Win,1,Zapf Dingbats
%EndFont

%BeginFont
Handler:DirectoryHandler
FontType:TrueType
FontName:HelveticaNeue
FamilyName:Helvetica Neue
StyleName:Regular
MenuName:Helvetica Neue
StyleBits:0
WeightClass:400
WidthClass:5
AngleClass:0
FullName:Helvetica Neue
WritingScript:Roman
OutlineFileName:/Users/tamaras/Desktop/Kennedy3/Kennedy3_InDesign_Black/Document fonts/HelveticaNeue.ttc
TTCOffset:80
DataFormat:sfntData
hasSVG:no
VariableFontType:NonVariableFont
FileLength:6625940
FileModTime:576375598
NameArray:0,Mac,4,Helvetica Neue
%EndFont

%BeginFont
Handler:DirectoryHandler
FontType:TrueType
FontName:HelveticaNeue-Bold
FamilyName:Helvetica Neue
StyleName:Bold
MenuName:Helvetica Neue
StyleBits:2
WeightClass:700
WidthClass:5
AngleClass:0
FullName:Helvetica Neue Bold
WritingScript:Roman
OutlineFileName:/Users/tamaras/Desktop/Kennedy3/Kennedy3_InDesign_Black/Document fonts/HelveticaNeue.ttc
TTCOffset:396
DataFormat:sfntData
hasSVG:no
VariableFontType:NonVariableFont
FileLength:6625940
FileModTime:576375598
NameArray:0,Mac,4,Helvetica Neue Bold
%EndFont

%BeginFont
Handler:DirectoryHandler
FontType:TrueType
FontName:HelveticaNeue-BoldItalic
FamilyName:Helvetica Neue
StyleName:Bold Italic
MenuName:Helvetica Neue
StyleBits:3
WeightClass:700
WidthClass:5
AngleClass:1
FullName:Helvetica Neue Bold Italic
WritingScript:Roman
OutlineFileName:/Users/tamaras/Desktop/Kennedy3/Kennedy3_InDesign_Black/Document fonts/HelveticaNeue.ttc
TTCOffset:1108
DataFormat:sfntData
hasSVG:no
VariableFontType:NonVariableFont
FileLength:6625940
FileModTime:576375598
NameArray:0,Mac,4,Helvetica Neue Bold Italic
%EndFont

%BeginFont
Handler:DirectoryHandler
FontType:TrueType
FontName:HelveticaNeue-CondensedBlack
FamilyName:Helvetica Neue
StyleName:Condensed Black
MenuName:Helvetica Neue
StyleBits:2
WeightClass:900
WidthClass:3
AngleClass:0
FullName:Helvetica Neue Condensed Black
WritingScript:Roman
OutlineFileName:/Users/tamaras/Desktop/Kennedy3/Kennedy3_InDesign_Black/Document fonts/HelveticaNeue.ttc
TTCOffset:3228
DataFormat:sfntData
hasSVG:no
VariableFontType:NonVariableFont
FileLength:6625940
FileModTime:576375598
NameArray:0,Mac,4,Helvetica Neue Condensed Black
%EndFont

%BeginFont
Handler:DirectoryHandler
FontType:TrueType
FontName:HelveticaNeue-CondensedBold
FamilyName:Helvetica Neue
StyleName:Condensed Bold
MenuName:Helvetica Neue
StyleBits:2
WeightClass:700
WidthClass:3
AngleClass:0
FullName:Helvetica Neue Condensed Bold
WritingScript:Roman
OutlineFileName:/Users/tamaras/Desktop/Kennedy3/Kennedy3_InDesign_Black/Document fonts/HelveticaNeue.ttc
TTCOffset:1472
DataFormat:sfntData
hasSVG:no
VariableFontType:NonVariableFont
FileLength:6625940
FileModTime:576375598
NameArray:0,Mac,4,Helvetica Neue Condensed Bold
%EndFont

%BeginFont
Handler:DirectoryHandler
FontType:TrueType
FontName:HelveticaNeue-Italic
FamilyName:Helvetica Neue
StyleName:Italic
MenuName:Helvetica Neue
StyleBits:1
WeightClass:400
WidthClass:5
AngleClass:1
FullName:Helvetica Neue Italic
WritingScript:Roman
OutlineFileName:/Users/tamaras/Desktop/Kennedy3/Kennedy3_InDesign_Black/Document fonts/HelveticaNeue.ttc
TTCOffset:744
DataFormat:sfntData
hasSVG:no
VariableFontType:NonVariableFont
FileLength:6625940
FileModTime:576375598
NameArray:0,Mac,4,Helvetica Neue Italic
%EndFont

%BeginFont
Handler:DirectoryHandler
FontType:TrueType
FontName:HelveticaNeue-Light
FamilyName:Helvetica Neue
StyleName:Light
MenuName:Helvetica Neue
StyleBits:0
WeightClass:300
WidthClass:5
AngleClass:0
FullName:Helvetica Neue Light
WritingScript:Roman
OutlineFileName:/Users/tamaras/Desktop/Kennedy3/Kennedy3_InDesign_Black/Document fonts/HelveticaNeue.ttc
TTCOffset:2532
DataFormat:sfntData
hasSVG:no
VariableFontType:NonVariableFont
FileLength:6625940
FileModTime:576375598
NameArray:0,Mac,4,Helvetica Neue Light
%EndFont

%BeginFont
Handler:DirectoryHandler
FontType:TrueType
FontName:HelveticaNeue-LightItalic
FamilyName:Helvetica Neue
StyleName:Light Italic
MenuName:Helvetica Neue
StyleBits:1
WeightClass:300
WidthClass:5
AngleClass:1
FullName:Helvetica Neue Light Italic
WritingScript:Roman
OutlineFileName:/Users/tamaras/Desktop/Kennedy3/Kennedy3_InDesign_Black/Document fonts/HelveticaNeue.ttc
TTCOffset:2880
DataFormat:sfntData
hasSVG:no
VariableFontType:NonVariableFont
FileLength:6625940
FileModTime:576375598
NameArray:0,Mac,4,Helvetica Neue Light Italic
%EndFont

%BeginFont
Handler:DirectoryHandler
FontType:TrueType
FontName:HelveticaNeue-Medium
FamilyName:Helvetica Neue
StyleName:Medium
MenuName:Helvetica Neue
StyleBits:0
WeightClass:500
WidthClass:5
AngleClass:0
FullName:Helvetica Neue Medium
WritingScript:Roman
OutlineFileName:/Users/tamaras/Desktop/Kennedy3/Kennedy3_InDesign_Black/Document fonts/HelveticaNeue.ttc
TTCOffset:3592
DataFormat:sfntData
hasSVG:no
VariableFontType:NonVariableFont
FileLength:6625940
FileModTime:576375598
NameArray:0,Mac,4,Helvetica Neue Medium
%EndFont

%BeginFont
Handler:DirectoryHandler
FontType:TrueType
FontName:HelveticaNeue-MediumItalic
FamilyName:Helvetica Neue
StyleName:Medium Italic
MenuName:Helvetica Neue
StyleBits:0
WeightClass:500
WidthClass:5
AngleClass:0
FullName:Helvetica Neue Medium Italic
WritingScript:Roman
OutlineFileName:/Users/tamaras/Desktop/Kennedy3/Kennedy3_InDesign_Black/Document fonts/HelveticaNeue.ttc
TTCOffset:3940
DataFormat:sfntData
hasSVG:no
VariableFontType:NonVariableFont
FileLength:6625940
FileModTime:576375598
NameArray:0,Mac,4,Helvetica Neue Medium Italic
%EndFont

%BeginFont
Handler:DirectoryHandler
FontType:TrueType
FontName:HelveticaNeue-Thin
FamilyName:Helvetica Neue
StyleName:Thin
MenuName:Helvetica Neue
StyleBits:0
WeightClass:200
WidthClass:5
AngleClass:0
FullName:Helvetica Neue Thin
WritingScript:Roman
OutlineFileName:/Users/tamaras/Desktop/Kennedy3/Kennedy3_InDesign_Black/Document fonts/HelveticaNeue.ttc
TTCOffset:4208
DataFormat:sfntData
hasSVG:no
VariableFontType:NonVariableFont
FileLength:6625940
FileModTime:576375598
NameArray:0,Mac,4,Helvetica Neue Thin
NameArray:0,Win,1,Helvetica Neue
%EndFont

%BeginFont
Handler:DirectoryHandler
FontType:TrueType
FontName:HelveticaNeue-ThinItalic
FamilyName:Helvetica Neue
StyleName:Thin Italic
MenuName:Helvetica Neue
StyleBits:0
WeightClass:200
WidthClass:5
AngleClass:0
FullName:Helvetica Neue Thin Italic
WritingScript:Roman
OutlineFileName:/Users/tamaras/Desktop/Kennedy3/Kennedy3_InDesign_Black/Document fonts/HelveticaNeue.ttc
TTCOffset:4540
DataFormat:sfntData
hasSVG:no
VariableFontType:NonVariableFont
FileLength:6625940
FileModTime:576375598
NameArray:0,Mac,4,Helvetica Neue Thin Italic
NameArray:0,Win,1,Helvetica Neue
%EndFont

%BeginFont
Handler:DirectoryHandler
FontType:TrueType
FontName:HelveticaNeue-UltraLight
FamilyName:Helvetica Neue
StyleName:UltraLight
MenuName:Helvetica Neue
StyleBits:0
WeightClass:100
WidthClass:5
AngleClass:0
FullName:Helvetica Neue UltraLight
WritingScript:Roman
OutlineFileName:/Users/tamaras/Desktop/Kennedy3/Kennedy3_InDesign_Black/Document fonts/HelveticaNeue.ttc
TTCOffset:1836
DataFormat:sfntData
hasSVG:no
VariableFontType:NonVariableFont
FileLength:6625940
FileModTime:576375598
NameArray:0,Mac,4,Helvetica Neue UltraLight
%EndFont

%BeginFont
Handler:DirectoryHandler
FontType:TrueType
FontName:HelveticaNeue-UltraLightItalic
FamilyName:Helvetica Neue
StyleName:UltraLight Italic
MenuName:Helvetica Neue
StyleBits:1
WeightClass:100
WidthClass:5
AngleClass:1
FullName:Helvetica Neue UltraLight Italic
WritingScript:Roman
OutlineFileName:/Users/tamaras/Desktop/Kennedy3/Kennedy3_InDesign_Black/Document fonts/HelveticaNeue.ttc
TTCOffset:2168
DataFormat:sfntData
hasSVG:no
VariableFontType:NonVariableFont
FileLength:6625940
FileModTime:576375598
NameArray:0,Mac,4,Helvetica Neue UltraLight Italic
%EndFont

